/bin/bash: /data/apps/miniconda3/24.9.2/lib/libtinfo.so.6: no version information available (required by /bin/bash)
/data/home/scyb035/.conda/envs/zyf/lib/python3.8/site-packages/deepspeed/runtime/zero/linear.py:45: FutureWarning: `torch.cuda.amp.custom_fwd(args...)` is deprecated. Please use `torch.amp.custom_fwd(args..., device_type='cuda')` instead.
  def forward(ctx, input, weight, bias=None):
/data/home/scyb035/.conda/envs/zyf/lib/python3.8/site-packages/deepspeed/runtime/zero/linear.py:71: FutureWarning: `torch.cuda.amp.custom_bwd(args...)` is deprecated. Please use `torch.amp.custom_bwd(args..., device_type='cuda')` instead.
  def backward(ctx, grad_output):
/data/home/scyb035/.conda/envs/zyf/lib/python3.8/site-packages/pydantic/_internal/_config.py:341: UserWarning: Valid config keys have changed in V2:
* 'allow_population_by_field_name' has been renamed to 'populate_by_name'
* 'validate_all' has been renamed to 'validate_default'
  warnings.warn(message, UserWarning)
/data/home/scyb035/.conda/envs/zyf/lib/python3.8/site-packages/pydantic/_internal/_fields.py:132: UserWarning: Field "model_persistence_threshold" in DeepSpeedZeroConfig has conflict with protected namespace "model_".

You may be able to resolve this warning by setting `model_config['protected_namespaces'] = ()`.
  warnings.warn(
/data/home/scyb035/.conda/envs/zyf/lib/python3.8/site-packages/pydantic/_internal/_config.py:341: UserWarning: Valid config keys have changed in V2:
* 'validate_all' has been renamed to 'validate_default'
  warnings.warn(message, UserWarning)
我是xT torch.Size([1, 24, 150, 150])
我是xD torch.Size([1, 24, 150, 150])
我是xT torch.Size([1, 24, 195, 195])
我是xD torch.Size([1, 24, 195, 195])
我是xT torch.Size([1, 24, 132, 132])
我是xD torch.Size([1, 24, 132, 132])
我是xT torch.Size([1, 24, 209, 209])
我是xD torch.Size([1, 24, 209, 209])
我是xT torch.Size([1, 24, 168, 168])
我是xD torch.Size([1, 24, 168, 168])
我是xT torch.Size([1, 24, 75, 75])
我是xD torch.Size([1, 24, 75, 75])
我是xT torch.Size([1, 24, 182, 182])
我是xD torch.Size([1, 24, 182, 182])
我是xT torch.Size([1, 24, 96, 96])
我是xD torch.Size([1, 24, 96, 96])
我是xT torch.Size([1, 24, 203, 203])
我是xD torch.Size([1, 24, 203, 203])
我是xT torch.Size([1, 24, 158, 158])
我是xD torch.Size([1, 24, 158, 158])
我是xT torch.Size([1, 24, 428, 428])
我是xD torch.Size([1, 24, 428, 428])
我是xT torch.Size([1, 24, 272, 272])
我是xD torch.Size([1, 24, 272, 272])
我是xT torch.Size([1, 24, 47, 47])
我是xD torch.Size([1, 24, 47, 47])
我是xT torch.Size([1, 24, 85, 85])
我是xD torch.Size([1, 24, 85, 85])
我是xT torch.Size([1, 24, 367, 367])
我是xD torch.Size([1, 24, 367, 367])
我是xT torch.Size([1, 24, 180, 180])
我是xD torch.Size([1, 24, 180, 180])
我是xT torch.Size([1, 24, 110, 110])
我是xD torch.Size([1, 24, 110, 110])
我是xT torch.Size([1, 24, 707, 707])
我是xD torch.Size([1, 24, 707, 707])
我是xT torch.Size([1, 24, 109, 109])
我是xD torch.Size([1, 24, 109, 109])
我是xT torch.Size([1, 24, 98, 98])
我是xD torch.Size([1, 24, 98, 98])
我是xT torch.Size([1, 24, 77, 77])
我是xD torch.Size([1, 24, 77, 77])
我是xT torch.Size([1, 24, 192, 192])
我是xD torch.Size([1, 24, 192, 192])
我是xT torch.Size([1, 24, 261, 261])
我是xD torch.Size([1, 24, 261, 261])
我是xT torch.Size([1, 24, 386, 386])
我是xD torch.Size([1, 24, 386, 386])
我是xT torch.Size([1, 24, 165, 165])
我是xD torch.Size([1, 24, 165, 165])
我是xT torch.Size([1, 24, 61, 61])
我是xD torch.Size([1, 24, 61, 61])
我是xT torch.Size([1, 24, 137, 137])
我是xD torch.Size([1, 24, 137, 137])
我是xT torch.Size([1, 24, 78, 78])
我是xD torch.Size([1, 24, 78, 78])
我是xT torch.Size([1, 24, 210, 210])
我是xD torch.Size([1, 24, 210, 210])
我是xT torch.Size([1, 24, 275, 275])
我是xD torch.Size([1, 24, 275, 275])
我是xT torch.Size([1, 24, 271, 271])
我是xD torch.Size([1, 24, 271, 271])
我是xT torch.Size([1, 24, 209, 209])
我是xD torch.Size([1, 24, 209, 209])
我是xT torch.Size([1, 24, 207, 207])
我是xD torch.Size([1, 24, 207, 207])
我是xT torch.Size([1, 24, 117, 117])
我是xD torch.Size([1, 24, 117, 117])
我是xT torch.Size([1, 24, 98, 98])
我是xD torch.Size([1, 24, 98, 98])
我是xT torch.Size([1, 24, 483, 483])
我是xD torch.Size([1, 24, 483, 483])
我是xT torch.Size([1, 24, 322, 322])
我是xD torch.Size([1, 24, 322, 322])
我是xT torch.Size([1, 24, 252, 252])
我是xD torch.Size([1, 24, 252, 252])
我是xT torch.Size([1, 24, 261, 261])
我是xD torch.Size([1, 24, 261, 261])
我是xT torch.Size([1, 24, 132, 132])
我是xD torch.Size([1, 24, 132, 132])
我是xT torch.Size([1, 24, 196, 196])
我是xD torch.Size([1, 24, 196, 196])
我是xT torch.Size([1, 24, 296, 296])
我是xD torch.Size([1, 24, 296, 296])
我是xT torch.Size([1, 24, 80, 80])
我是xD torch.Size([1, 24, 80, 80])
我是xT torch.Size([1, 24, 584, 584])
我是xD torch.Size([1, 24, 584, 584])
我是xT torch.Size([1, 24, 302, 302])
我是xD torch.Size([1, 24, 302, 302])
我是xT torch.Size([1, 24, 151, 151])
我是xD torch.Size([1, 24, 151, 151])
我是xT torch.Size([1, 24, 286, 286])
我是xD torch.Size([1, 24, 286, 286])
我是xT torch.Size([1, 24, 156, 156])
我是xD torch.Size([1, 24, 156, 156])
我是xT torch.Size([1, 24, 334, 334])
我是xD torch.Size([1, 24, 334, 334])
我是xT torch.Size([1, 24, 94, 94])
我是xD torch.Size([1, 24, 94, 94])
我是xT torch.Size([1, 24, 46, 46])
我是xD torch.Size([1, 24, 46, 46])
我是xT torch.Size([1, 24, 271, 271])
我是xD torch.Size([1, 24, 271, 271])
我是xT torch.Size([1, 24, 120, 120])
我是xD torch.Size([1, 24, 120, 120])
我是xT torch.Size([1, 24, 204, 204])
我是xD torch.Size([1, 24, 204, 204])
我是xT torch.Size([1, 24, 311, 311])
我是xD torch.Size([1, 24, 311, 311])
我是xT torch.Size([1, 24, 237, 237])
我是xD torch.Size([1, 24, 237, 237])
我是xT torch.Size([1, 24, 392, 392])
我是xD torch.Size([1, 24, 392, 392])
我是xT torch.Size([1, 24, 266, 266])
我是xD torch.Size([1, 24, 266, 266])
我是xT torch.Size([1, 24, 175, 175])
我是xD torch.Size([1, 24, 175, 175])
我是xT torch.Size([1, 24, 97, 97])
我是xD torch.Size([1, 24, 97, 97])
我是xT torch.Size([1, 24, 243, 243])
我是xD torch.Size([1, 24, 243, 243])
我是xT torch.Size([1, 24, 238, 238])
我是xD torch.Size([1, 24, 238, 238])
我是xT torch.Size([1, 24, 79, 79])
我是xD torch.Size([1, 24, 79, 79])
我是xT torch.Size([1, 24, 142, 142])
我是xD torch.Size([1, 24, 142, 142])
我是xT torch.Size([1, 24, 263, 263])
我是xD torch.Size([1, 24, 263, 263])
我是xT torch.Size([1, 24, 204, 204])
我是xD torch.Size([1, 24, 204, 204])
我是xT torch.Size([1, 24, 141, 141])
我是xD torch.Size([1, 24, 141, 141])
我是xT torch.Size([1, 24, 90, 90])
我是xD torch.Size([1, 24, 90, 90])
我是xT torch.Size([1, 24, 119, 119])
我是xD torch.Size([1, 24, 119, 119])
我是xT torch.Size([1, 24, 65, 65])
我是xD torch.Size([1, 24, 65, 65])
我是xT torch.Size([1, 24, 148, 148])
我是xD torch.Size([1, 24, 148, 148])
我是xT torch.Size([1, 24, 166, 166])
我是xD torch.Size([1, 24, 166, 166])
我是xT torch.Size([1, 24, 207, 207])
我是xD torch.Size([1, 24, 207, 207])
我是xT torch.Size([1, 24, 108, 108])
我是xD torch.Size([1, 24, 108, 108])
我是xT torch.Size([1, 24, 103, 103])
我是xD torch.Size([1, 24, 103, 103])
我是xT torch.Size([1, 24, 129, 129])
我是xD torch.Size([1, 24, 129, 129])
我是xT torch.Size([1, 24, 96, 96])
我是xD torch.Size([1, 24, 96, 96])
我是xT torch.Size([1, 24, 248, 248])
我是xD torch.Size([1, 24, 248, 248])
我是xT torch.Size([1, 24, 146, 146])
我是xD torch.Size([1, 24, 146, 146])
我是xT torch.Size([1, 24, 387, 387])
我是xD torch.Size([1, 24, 387, 387])
我是xT torch.Size([1, 24, 455, 455])
我是xD torch.Size([1, 24, 455, 455])
我是xT torch.Size([1, 24, 189, 189])
我是xD torch.Size([1, 24, 189, 189])
我是xT torch.Size([1, 24, 331, 331])
我是xD torch.Size([1, 24, 331, 331])
我是xT torch.Size([1, 24, 64, 64])
我是xD torch.Size([1, 24, 64, 64])
我是xT torch.Size([1, 24, 494, 494])
我是xD torch.Size([1, 24, 494, 494])
我是xT torch.Size([1, 24, 455, 455])
我是xD torch.Size([1, 24, 455, 455])
我是xT torch.Size([1, 24, 114, 114])
我是xD torch.Size([1, 24, 114, 114])
我是xT torch.Size([1, 24, 674, 674])
我是xD torch.Size([1, 24, 674, 674])
我是xT torch.Size([1, 24, 614, 614])
我是xD torch.Size([1, 24, 614, 614])
我是xT torch.Size([1, 24, 54, 54])
我是xD torch.Size([1, 24, 54, 54])
我是xT torch.Size([1, 24, 275, 275])
我是xD torch.Size([1, 24, 275, 275])
我是xT torch.Size([1, 24, 89, 89])
我是xD torch.Size([1, 24, 89, 89])
我是xT torch.Size([1, 24, 305, 305])
我是xD torch.Size([1, 24, 305, 305])
我是xT torch.Size([1, 24, 114, 114])
我是xD torch.Size([1, 24, 114, 114])
我是xT torch.Size([1, 24, 103, 103])
我是xD torch.Size([1, 24, 103, 103])
我是xT torch.Size([1, 24, 140, 140])
我是xD torch.Size([1, 24, 140, 140])
我是xT torch.Size([1, 24, 268, 268])
我是xD torch.Size([1, 24, 268, 268])
我是xT torch.Size([1, 24, 157, 157])
我是xD torch.Size([1, 24, 157, 157])
我是xT torch.Size([1, 24, 96, 96])
我是xD torch.Size([1, 24, 96, 96])
我是xT torch.Size([1, 24, 195, 195])
我是xD torch.Size([1, 24, 195, 195])
我是xT torch.Size([1, 24, 120, 120])
我是xD torch.Size([1, 24, 120, 120])
我是xT torch.Size([1, 24, 321, 321])
我是xD torch.Size([1, 24, 321, 321])
我是xT torch.Size([1, 24, 99, 99])
我是xD torch.Size([1, 24, 99, 99])
我是xT torch.Size([1, 24, 266, 266])
我是xD torch.Size([1, 24, 266, 266])
我是xT torch.Size([1, 24, 346, 346])
我是xD torch.Size([1, 24, 346, 346])
我是xT torch.Size([1, 24, 176, 176])
我是xD torch.Size([1, 24, 176, 176])
我是xT torch.Size([1, 24, 374, 374])
我是xD torch.Size([1, 24, 374, 374])
我是xT torch.Size([1, 24, 113, 113])
我是xD torch.Size([1, 24, 113, 113])
我是xT torch.Size([1, 24, 336, 336])
我是xD torch.Size([1, 24, 336, 336])
我是xT torch.Size([1, 24, 114, 114])
我是xD torch.Size([1, 24, 114, 114])
我是xT torch.Size([1, 24, 618, 618])
我是xD torch.Size([1, 24, 618, 618])
我是xT torch.Size([1, 24, 283, 283])
我是xD torch.Size([1, 24, 283, 283])
我是xT torch.Size([1, 24, 77, 77])
我是xD torch.Size([1, 24, 77, 77])
我是xT torch.Size([1, 24, 132, 132])
我是xD torch.Size([1, 24, 132, 132])
我是xT torch.Size([1, 24, 125, 125])
我是xD torch.Size([1, 24, 125, 125])
我是xT torch.Size([1, 24, 122, 122])
我是xD torch.Size([1, 24, 122, 122])
我是xT torch.Size([1, 24, 133, 133])
我是xD torch.Size([1, 24, 133, 133])
我是xT torch.Size([1, 24, 103, 103])
我是xD torch.Size([1, 24, 103, 103])
我是xT torch.Size([1, 24, 223, 223])
我是xD torch.Size([1, 24, 223, 223])
我是xT torch.Size([1, 24, 153, 153])
我是xD torch.Size([1, 24, 153, 153])
我是xT torch.Size([1, 24, 64, 64])
我是xD torch.Size([1, 24, 64, 64])
我是xT torch.Size([1, 24, 49, 49])
我是xD torch.Size([1, 24, 49, 49])
我是xT torch.Size([1, 24, 241, 241])
我是xD torch.Size([1, 24, 241, 241])
我是xT torch.Size([1, 24, 420, 420])
我是xD torch.Size([1, 24, 420, 420])
我是xT torch.Size([1, 24, 148, 148])
我是xD torch.Size([1, 24, 148, 148])
我是xT torch.Size([1, 24, 296, 296])
我是xD torch.Size([1, 24, 296, 296])
我是xT torch.Size([1, 24, 214, 214])
我是xD torch.Size([1, 24, 214, 214])
我是xT torch.Size([1, 24, 269, 269])
我是xD torch.Size([1, 24, 269, 269])
我是xT torch.Size([1, 24, 399, 399])
我是xD torch.Size([1, 24, 399, 399])
我是xT torch.Size([1, 24, 120, 120])
我是xD torch.Size([1, 24, 120, 120])
我是xT torch.Size([1, 24, 165, 165])
我是xD torch.Size([1, 24, 165, 165])
我是xT torch.Size([1, 24, 152, 152])
我是xD torch.Size([1, 24, 152, 152])
我是xT torch.Size([1, 24, 449, 449])
我是xD torch.Size([1, 24, 449, 449])
我是xT torch.Size([1, 24, 108, 108])
我是xD torch.Size([1, 24, 108, 108])
我是xT torch.Size([1, 24, 110, 110])
我是xD torch.Size([1, 24, 110, 110])
我是xT torch.Size([1, 24, 103, 103])
我是xD torch.Size([1, 24, 103, 103])
我是xT torch.Size([1, 24, 86, 86])
我是xD torch.Size([1, 24, 86, 86])
我是xT torch.Size([1, 24, 291, 291])
我是xD torch.Size([1, 24, 291, 291])
我是xT torch.Size([1, 24, 173, 173])
我是xD torch.Size([1, 24, 173, 173])
我是xT torch.Size([1, 24, 236, 236])
我是xD torch.Size([1, 24, 236, 236])
我是xT torch.Size([1, 24, 204, 204])
我是xD torch.Size([1, 24, 204, 204])
我是xT torch.Size([1, 24, 205, 205])
我是xD torch.Size([1, 24, 205, 205])
我是xT torch.Size([1, 24, 499, 499])
我是xD torch.Size([1, 24, 499, 499])
我是xT torch.Size([1, 24, 83, 83])
我是xD torch.Size([1, 24, 83, 83])
我是xT torch.Size([1, 24, 62, 62])
我是xD torch.Size([1, 24, 62, 62])
我是xT torch.Size([1, 24, 317, 317])
我是xD torch.Size([1, 24, 317, 317])
我是xT torch.Size([1, 24, 452, 452])
我是xD torch.Size([1, 24, 452, 452])
我是xT torch.Size([1, 24, 589, 589])
我是xD torch.Size([1, 24, 589, 589])
我是xT torch.Size([1, 24, 235, 235])
我是xD torch.Size([1, 24, 235, 235])
我是xT torch.Size([1, 24, 391, 391])
我是xD torch.Size([1, 24, 391, 391])
我是xT torch.Size([1, 24, 250, 250])
我是xD torch.Size([1, 24, 250, 250])
我是xT torch.Size([1, 24, 211, 211])
我是xD torch.Size([1, 24, 211, 211])
我是xT torch.Size([1, 24, 167, 167])
我是xD torch.Size([1, 24, 167, 167])
我是xT torch.Size([1, 24, 103, 103])
我是xD torch.Size([1, 24, 103, 103])
我是xT torch.Size([1, 24, 128, 128])
我是xD torch.Size([1, 24, 128, 128])
我是xT torch.Size([1, 24, 184, 184])
我是xD torch.Size([1, 24, 184, 184])
我是xT torch.Size([1, 24, 254, 254])
我是xD torch.Size([1, 24, 254, 254])
我是xT torch.Size([1, 24, 255, 255])
我是xD torch.Size([1, 24, 255, 255])
我是xT torch.Size([1, 24, 199, 199])
我是xD torch.Size([1, 24, 199, 199])
我是xT torch.Size([1, 24, 50, 50])
我是xD torch.Size([1, 24, 50, 50])
我是xT torch.Size([1, 24, 538, 538])
我是xD torch.Size([1, 24, 538, 538])
我是xT torch.Size([1, 24, 348, 348])
我是xD torch.Size([1, 24, 348, 348])
我是xT torch.Size([1, 24, 179, 179])
我是xD torch.Size([1, 24, 179, 179])
我是xT torch.Size([1, 24, 156, 156])
我是xD torch.Size([1, 24, 156, 156])
我是xT torch.Size([1, 24, 326, 326])
我是xD torch.Size([1, 24, 326, 326])
我是xT torch.Size([1, 24, 102, 102])
我是xD torch.Size([1, 24, 102, 102])
我是xT torch.Size([1, 24, 259, 259])
我是xD torch.Size([1, 24, 259, 259])
我是xT torch.Size([1, 24, 154, 154])
我是xD torch.Size([1, 24, 154, 154])
我是xT torch.Size([1, 24, 634, 634])
我是xD torch.Size([1, 24, 634, 634])
我是xT torch.Size([1, 24, 53, 53])
我是xD torch.Size([1, 24, 53, 53])
我是xT torch.Size([1, 24, 40, 40])
我是xD torch.Size([1, 24, 40, 40])
我是xT torch.Size([1, 24, 268, 268])
我是xD torch.Size([1, 24, 268, 268])
我是xT torch.Size([1, 24, 511, 511])
我是xD torch.Size([1, 24, 511, 511])
我是xT torch.Size([1, 24, 52, 52])
我是xD torch.Size([1, 24, 52, 52])
我是xT torch.Size([1, 24, 123, 123])
我是xD torch.Size([1, 24, 123, 123])
我是xT torch.Size([1, 24, 337, 337])
我是xD torch.Size([1, 24, 337, 337])
我是xT torch.Size([1, 24, 194, 194])
我是xD torch.Size([1, 24, 194, 194])
我是xT torch.Size([1, 24, 186, 186])
我是xD torch.Size([1, 24, 186, 186])
我是xT torch.Size([1, 24, 376, 376])
我是xD torch.Size([1, 24, 376, 376])
我是xT torch.Size([1, 24, 370, 370])
我是xD torch.Size([1, 24, 370, 370])
我是xT torch.Size([1, 24, 397, 397])
我是xD torch.Size([1, 24, 397, 397])
我是xT torch.Size([1, 24, 155, 155])
我是xD torch.Size([1, 24, 155, 155])
我是xT torch.Size([1, 24, 316, 316])
我是xD torch.Size([1, 24, 316, 316])
我是xT torch.Size([1, 24, 291, 291])
我是xD torch.Size([1, 24, 291, 291])
我是xT torch.Size([1, 24, 63, 63])
我是xD torch.Size([1, 24, 63, 63])
我是xT torch.Size([1, 24, 207, 207])
我是xD torch.Size([1, 24, 207, 207])
我是xT torch.Size([1, 24, 145, 145])
我是xD torch.Size([1, 24, 145, 145])
我是xT torch.Size([1, 24, 211, 211])
我是xD torch.Size([1, 24, 211, 211])
我是xT torch.Size([1, 24, 75, 75])
我是xD torch.Size([1, 24, 75, 75])
我是xT torch.Size([1, 24, 604, 604])
我是xD torch.Size([1, 24, 604, 604])
我是xT torch.Size([1, 24, 695, 695])
我是xD torch.Size([1, 24, 695, 695])
我是xT torch.Size([1, 24, 67, 67])
我是xD torch.Size([1, 24, 67, 67])
我是xT torch.Size([1, 24, 122, 122])
我是xD torch.Size([1, 24, 122, 122])
我是xT torch.Size([1, 24, 460, 460])
我是xD torch.Size([1, 24, 460, 460])
我是xT torch.Size([1, 24, 336, 336])
我是xD torch.Size([1, 24, 336, 336])
我是xT torch.Size([1, 24, 153, 153])
我是xD torch.Size([1, 24, 153, 153])
我是xT torch.Size([1, 24, 391, 391])
我是xD torch.Size([1, 24, 391, 391])
我是xT torch.Size([1, 24, 319, 319])
我是xD torch.Size([1, 24, 319, 319])
我是xT torch.Size([1, 24, 243, 243])
我是xD torch.Size([1, 24, 243, 243])
我是xT torch.Size([1, 24, 266, 266])
我是xD torch.Size([1, 24, 266, 266])
我是xT torch.Size([1, 24, 216, 216])
我是xD torch.Size([1, 24, 216, 216])
我是xT torch.Size([1, 24, 132, 132])
我是xD torch.Size([1, 24, 132, 132])
我是xT torch.Size([1, 24, 306, 306])
我是xD torch.Size([1, 24, 306, 306])
我是xT torch.Size([1, 24, 151, 151])
我是xD torch.Size([1, 24, 151, 151])
我是xT torch.Size([1, 24, 205, 205])
我是xD torch.Size([1, 24, 205, 205])
我是xT torch.Size([1, 24, 63, 63])
我是xD torch.Size([1, 24, 63, 63])
我是xT torch.Size([1, 24, 284, 284])
我是xD torch.Size([1, 24, 284, 284])
我是xT torch.Size([1, 24, 101, 101])
我是xD torch.Size([1, 24, 101, 101])
我是xT torch.Size([1, 24, 190, 190])
我是xD torch.Size([1, 24, 190, 190])
我是xT torch.Size([1, 24, 283, 283])
我是xD torch.Size([1, 24, 283, 283])
我是xT torch.Size([1, 24, 430, 430])
我是xD torch.Size([1, 24, 430, 430])
我是xT torch.Size([1, 24, 235, 235])
我是xD torch.Size([1, 24, 235, 235])
我是xT torch.Size([1, 24, 304, 304])
我是xD torch.Size([1, 24, 304, 304])
我是xT torch.Size([1, 24, 302, 302])
我是xD torch.Size([1, 24, 302, 302])
我是xT torch.Size([1, 24, 65, 65])
我是xD torch.Size([1, 24, 65, 65])
我是xT torch.Size([1, 24, 114, 114])
我是xD torch.Size([1, 24, 114, 114])
我是xT torch.Size([1, 24, 74, 74])
我是xD torch.Size([1, 24, 74, 74])
我是xT torch.Size([1, 24, 92, 92])
我是xD torch.Size([1, 24, 92, 92])
我是xT torch.Size([1, 24, 494, 494])
我是xD torch.Size([1, 24, 494, 494])
我是xT torch.Size([1, 24, 291, 291])
我是xD torch.Size([1, 24, 291, 291])
我是xT torch.Size([1, 24, 78, 78])
我是xD torch.Size([1, 24, 78, 78])
我是xT torch.Size([1, 24, 133, 133])
我是xD torch.Size([1, 24, 133, 133])
我是xT torch.Size([1, 24, 148, 148])
我是xD torch.Size([1, 24, 148, 148])
我是xT torch.Size([1, 24, 180, 180])
我是xD torch.Size([1, 24, 180, 180])
我是xT torch.Size([1, 24, 324, 324])
我是xD torch.Size([1, 24, 324, 324])
我是xT torch.Size([1, 24, 366, 366])
我是xD torch.Size([1, 24, 366, 366])
我是xT torch.Size([1, 24, 212, 212])
我是xD torch.Size([1, 24, 212, 212])
我是xT torch.Size([1, 24, 479, 479])
我是xD torch.Size([1, 24, 479, 479])
我是xT torch.Size([1, 24, 78, 78])
我是xD torch.Size([1, 24, 78, 78])
我是xT torch.Size([1, 24, 241, 241])
我是xD torch.Size([1, 24, 241, 241])
我是xT torch.Size([1, 24, 202, 202])
我是xD torch.Size([1, 24, 202, 202])
我是xT torch.Size([1, 24, 254, 254])
我是xD torch.Size([1, 24, 254, 254])
我是xT torch.Size([1, 24, 224, 224])
我是xD torch.Size([1, 24, 224, 224])
我是xT torch.Size([1, 24, 310, 310])
我是xD torch.Size([1, 24, 310, 310])
我是xT torch.Size([1, 24, 239, 239])
我是xD torch.Size([1, 24, 239, 239])
我是xT torch.Size([1, 24, 112, 112])
我是xD torch.Size([1, 24, 112, 112])
我是xT torch.Size([1, 24, 135, 135])
我是xD torch.Size([1, 24, 135, 135])
我是xT torch.Size([1, 24, 146, 146])
我是xD torch.Size([1, 24, 146, 146])
我是xT torch.Size([1, 24, 189, 189])
我是xD torch.Size([1, 24, 189, 189])
我是xT torch.Size([1, 24, 131, 131])
我是xD torch.Size([1, 24, 131, 131])
我是xT torch.Size([1, 24, 137, 137])
我是xD torch.Size([1, 24, 137, 137])
我是xT torch.Size([1, 24, 128, 128])
我是xD torch.Size([1, 24, 128, 128])
我是xT torch.Size([1, 24, 94, 94])
我是xD torch.Size([1, 24, 94, 94])
我是xT torch.Size([1, 24, 81, 81])
我是xD torch.Size([1, 24, 81, 81])
我是xT torch.Size([1, 24, 509, 509])
我是xD torch.Size([1, 24, 509, 509])
我是xT torch.Size([1, 24, 83, 83])
我是xD torch.Size([1, 24, 83, 83])
我是xT torch.Size([1, 24, 133, 133])
我是xD torch.Size([1, 24, 133, 133])
我是xT torch.Size([1, 24, 300, 300])
我是xD torch.Size([1, 24, 300, 300])
我是xT torch.Size([1, 24, 212, 212])
我是xD torch.Size([1, 24, 212, 212])
我是xT torch.Size([1, 24, 410, 410])
我是xD torch.Size([1, 24, 410, 410])
我是xT torch.Size([1, 24, 139, 139])
我是xD torch.Size([1, 24, 139, 139])
我是xT torch.Size([1, 24, 398, 398])
我是xD torch.Size([1, 24, 398, 398])
我是xT torch.Size([1, 24, 364, 364])
我是xD torch.Size([1, 24, 364, 364])
我是xT torch.Size([1, 24, 204, 204])
我是xD torch.Size([1, 24, 204, 204])
我是xT torch.Size([1, 24, 138, 138])
我是xD torch.Size([1, 24, 138, 138])
我是xT torch.Size([1, 24, 150, 150])
我是xD torch.Size([1, 24, 150, 150])
我是xT torch.Size([1, 24, 180, 180])
我是xD torch.Size([1, 24, 180, 180])
我是xT torch.Size([1, 24, 277, 277])
我是xD torch.Size([1, 24, 277, 277])
我是xT torch.Size([1, 24, 201, 201])
我是xD torch.Size([1, 24, 201, 201])
我是xT torch.Size([1, 24, 124, 124])
我是xD torch.Size([1, 24, 124, 124])
我是xT torch.Size([1, 24, 123, 123])
我是xD torch.Size([1, 24, 123, 123])
我是xT torch.Size([1, 24, 219, 219])
我是xD torch.Size([1, 24, 219, 219])
我是xT torch.Size([1, 24, 263, 263])
我是xD torch.Size([1, 24, 263, 263])
我是xT torch.Size([1, 24, 106, 106])
我是xD torch.Size([1, 24, 106, 106])
我是xT torch.Size([1, 24, 236, 236])
我是xD torch.Size([1, 24, 236, 236])
我是xT torch.Size([1, 24, 196, 196])
我是xD torch.Size([1, 24, 196, 196])
我是xT torch.Size([1, 24, 915, 915])
我是xD torch.Size([1, 24, 915, 915])
我是xT torch.Size([1, 24, 445, 445])
我是xD torch.Size([1, 24, 445, 445])
我是xT torch.Size([1, 24, 138, 138])
我是xD torch.Size([1, 24, 138, 138])
我是xT torch.Size([1, 24, 114, 114])
我是xD torch.Size([1, 24, 114, 114])
我是xT torch.Size([1, 24, 202, 202])
我是xD torch.Size([1, 24, 202, 202])
我是xT torch.Size([1, 24, 87, 87])
我是xD torch.Size([1, 24, 87, 87])
我是xT torch.Size([1, 24, 115, 115])
我是xD torch.Size([1, 24, 115, 115])
我是xT torch.Size([1, 24, 527, 527])
我是xD torch.Size([1, 24, 527, 527])
我是xT torch.Size([1, 24, 323, 323])
我是xD torch.Size([1, 24, 323, 323])
我是xT torch.Size([1, 24, 277, 277])
我是xD torch.Size([1, 24, 277, 277])
我是xT torch.Size([1, 24, 279, 279])
我是xD torch.Size([1, 24, 279, 279])
我是xT torch.Size([1, 24, 498, 498])
我是xD torch.Size([1, 24, 498, 498])
我是xT torch.Size([1, 24, 128, 128])
我是xD torch.Size([1, 24, 128, 128])
我是xT torch.Size([1, 24, 259, 259])
我是xD torch.Size([1, 24, 259, 259])
我是xT torch.Size([1, 24, 509, 509])
我是xD torch.Size([1, 24, 509, 509])
我是xT torch.Size([1, 24, 372, 372])
我是xD torch.Size([1, 24, 372, 372])
我是xT torch.Size([1, 24, 516, 516])
我是xD torch.Size([1, 24, 516, 516])
我是xT torch.Size([1, 24, 123, 123])
我是xD torch.Size([1, 24, 123, 123])
我是xT torch.Size([1, 24, 369, 369])
我是xD torch.Size([1, 24, 369, 369])
我是xT torch.Size([1, 24, 230, 230])
我是xD torch.Size([1, 24, 230, 230])
我是xT torch.Size([1, 24, 101, 101])
我是xD torch.Size([1, 24, 101, 101])
我是xT torch.Size([1, 24, 297, 297])
我是xD torch.Size([1, 24, 297, 297])
我是xT torch.Size([1, 24, 166, 166])
我是xD torch.Size([1, 24, 166, 166])
我是xT torch.Size([1, 24, 203, 203])
我是xD torch.Size([1, 24, 203, 203])
我是xT torch.Size([1, 24, 408, 408])
我是xD torch.Size([1, 24, 408, 408])
我是xT torch.Size([1, 24, 281, 281])
我是xD torch.Size([1, 24, 281, 281])
我是xT torch.Size([1, 24, 52, 52])
我是xD torch.Size([1, 24, 52, 52])
我是xT torch.Size([1, 24, 217, 217])
我是xD torch.Size([1, 24, 217, 217])
我是xT torch.Size([1, 24, 235, 235])
我是xD torch.Size([1, 24, 235, 235])
我是xT torch.Size([1, 24, 205, 205])
我是xD torch.Size([1, 24, 205, 205])
我是xT torch.Size([1, 24, 93, 93])
我是xD torch.Size([1, 24, 93, 93])
我是xT torch.Size([1, 24, 339, 339])
我是xD torch.Size([1, 24, 339, 339])
我是xT torch.Size([1, 24, 46, 46])
我是xD torch.Size([1, 24, 46, 46])
我是xT torch.Size([1, 24, 320, 320])
我是xD torch.Size([1, 24, 320, 320])
我是xT torch.Size([1, 24, 261, 261])
我是xD torch.Size([1, 24, 261, 261])
我是xT torch.Size([1, 24, 286, 286])
我是xD torch.Size([1, 24, 286, 286])
我是xT torch.Size([1, 24, 58, 58])
我是xD torch.Size([1, 24, 58, 58])
我是xT torch.Size([1, 24, 166, 166])
我是xD torch.Size([1, 24, 166, 166])
我是xT torch.Size([1, 24, 135, 135])
我是xD torch.Size([1, 24, 135, 135])
我是xT torch.Size([1, 24, 86, 86])
我是xD torch.Size([1, 24, 86, 86])
我是xT torch.Size([1, 24, 77, 77])
我是xD torch.Size([1, 24, 77, 77])
我是xT torch.Size([1, 24, 419, 419])
我是xD torch.Size([1, 24, 419, 419])
我是xT torch.Size([1, 24, 262, 262])
我是xD torch.Size([1, 24, 262, 262])
我是xT torch.Size([1, 24, 291, 291])
我是xD torch.Size([1, 24, 291, 291])
我是xT torch.Size([1, 24, 152, 152])
我是xD torch.Size([1, 24, 152, 152])
我是xT torch.Size([1, 24, 70, 70])
我是xD torch.Size([1, 24, 70, 70])
我是xT torch.Size([1, 24, 168, 168])
我是xD torch.Size([1, 24, 168, 168])
我是xT torch.Size([1, 24, 75, 75])
我是xD torch.Size([1, 24, 75, 75])
我是xT torch.Size([1, 24, 284, 284])
我是xD torch.Size([1, 24, 284, 284])
我是xT torch.Size([1, 24, 300, 300])
我是xD torch.Size([1, 24, 300, 300])
我是xT torch.Size([1, 24, 510, 510])
我是xD torch.Size([1, 24, 510, 510])
我是xT torch.Size([1, 24, 228, 228])
我是xD torch.Size([1, 24, 228, 228])
我是xT torch.Size([1, 24, 246, 246])
我是xD torch.Size([1, 24, 246, 246])
我是xT torch.Size([1, 24, 100, 100])
我是xD torch.Size([1, 24, 100, 100])
我是xT torch.Size([1, 24, 349, 349])
我是xD torch.Size([1, 24, 349, 349])
我是xT torch.Size([1, 24, 77, 77])
我是xD torch.Size([1, 24, 77, 77])
我是xT torch.Size([1, 24, 249, 249])
我是xD torch.Size([1, 24, 249, 249])
我是xT torch.Size([1, 24, 118, 118])
我是xD torch.Size([1, 24, 118, 118])
我是xT torch.Size([1, 24, 45, 45])
我是xD torch.Size([1, 24, 45, 45])
我是xT torch.Size([1, 24, 401, 401])
我是xD torch.Size([1, 24, 401, 401])
我是xT torch.Size([1, 24, 206, 206])
我是xD torch.Size([1, 24, 206, 206])
我是xT torch.Size([1, 24, 445, 445])
我是xD torch.Size([1, 24, 445, 445])
我是xT torch.Size([1, 24, 466, 466])
我是xD torch.Size([1, 24, 466, 466])
我是xT torch.Size([1, 24, 129, 129])
我是xD torch.Size([1, 24, 129, 129])
我是xT torch.Size([1, 24, 250, 250])
我是xD torch.Size([1, 24, 250, 250])
我是xT torch.Size([1, 24, 87, 87])
我是xD torch.Size([1, 24, 87, 87])
我是xT torch.Size([1, 24, 167, 167])
我是xD torch.Size([1, 24, 167, 167])
我是xT torch.Size([1, 24, 315, 315])
我是xD torch.Size([1, 24, 315, 315])
我是xT torch.Size([1, 24, 132, 132])
我是xD torch.Size([1, 24, 132, 132])
我是xT torch.Size([1, 24, 378, 378])
我是xD torch.Size([1, 24, 378, 378])
我是xT torch.Size([1, 24, 240, 240])
我是xD torch.Size([1, 24, 240, 240])
我是xT torch.Size([1, 24, 83, 83])
我是xD torch.Size([1, 24, 83, 83])
我是xT torch.Size([1, 24, 197, 197])
我是xD torch.Size([1, 24, 197, 197])
我是xT torch.Size([1, 24, 204, 204])
我是xD torch.Size([1, 24, 204, 204])
我是xT torch.Size([1, 24, 344, 344])
我是xD torch.Size([1, 24, 344, 344])
我是xT torch.Size([1, 24, 184, 184])
我是xD torch.Size([1, 24, 184, 184])
我是xT torch.Size([1, 24, 78, 78])
我是xD torch.Size([1, 24, 78, 78])
我是xT torch.Size([1, 24, 111, 111])
我是xD torch.Size([1, 24, 111, 111])
我是xT torch.Size([1, 24, 99, 99])
我是xD torch.Size([1, 24, 99, 99])
我是xT torch.Size([1, 24, 146, 146])
我是xD torch.Size([1, 24, 146, 146])
我是xT torch.Size([1, 24, 273, 273])
我是xD torch.Size([1, 24, 273, 273])
我是xT torch.Size([1, 24, 65, 65])
我是xD torch.Size([1, 24, 65, 65])
我是xT torch.Size([1, 24, 204, 204])
我是xD torch.Size([1, 24, 204, 204])
我是xT torch.Size([1, 24, 498, 498])
我是xD torch.Size([1, 24, 498, 498])
我是xT torch.Size([1, 24, 429, 429])
我是xD torch.Size([1, 24, 429, 429])
我是xT torch.Size([1, 24, 146, 146])
我是xD torch.Size([1, 24, 146, 146])
我是xT torch.Size([1, 24, 113, 113])
我是xD torch.Size([1, 24, 113, 113])
我是xT torch.Size([1, 24, 197, 197])
我是xD torch.Size([1, 24, 197, 197])
我是xT torch.Size([1, 24, 263, 263])
我是xD torch.Size([1, 24, 263, 263])
我是xT torch.Size([1, 24, 219, 219])
我是xD torch.Size([1, 24, 219, 219])
我是xT torch.Size([1, 24, 292, 292])
我是xD torch.Size([1, 24, 292, 292])
我是xT torch.Size([1, 24, 56, 56])
我是xD torch.Size([1, 24, 56, 56])
我是xT torch.Size([1, 24, 250, 250])
我是xD torch.Size([1, 24, 250, 250])
我是xT torch.Size([1, 24, 316, 316])
我是xD torch.Size([1, 24, 316, 316])
我是xT torch.Size([1, 24, 266, 266])
我是xD torch.Size([1, 24, 266, 266])
我是xT torch.Size([1, 24, 179, 179])
我是xD torch.Size([1, 24, 179, 179])
我是xT torch.Size([1, 24, 187, 187])
我是xD torch.Size([1, 24, 187, 187])
我是xT torch.Size([1, 24, 342, 342])
我是xD torch.Size([1, 24, 342, 342])
我是xT torch.Size([1, 24, 256, 256])
我是xD torch.Size([1, 24, 256, 256])
我是xT torch.Size([1, 24, 191, 191])
我是xD torch.Size([1, 24, 191, 191])
我是xT torch.Size([1, 24, 304, 304])
我是xD torch.Size([1, 24, 304, 304])
我是xT torch.Size([1, 24, 318, 318])
我是xD torch.Size([1, 24, 318, 318])
我是xT torch.Size([1, 24, 324, 324])
我是xD torch.Size([1, 24, 324, 324])
我是xT torch.Size([1, 24, 41, 41])
我是xD torch.Size([1, 24, 41, 41])
我是xT torch.Size([1, 24, 215, 215])
我是xD torch.Size([1, 24, 215, 215])
我是xT torch.Size([1, 24, 231, 231])
我是xD torch.Size([1, 24, 231, 231])
我是xT torch.Size([1, 24, 92, 92])
我是xD torch.Size([1, 24, 92, 92])
我是xT torch.Size([1, 24, 179, 179])
我是xD torch.Size([1, 24, 179, 179])
我是xT torch.Size([1, 24, 392, 392])
我是xD torch.Size([1, 24, 392, 392])
我是xT torch.Size([1, 24, 138, 138])
我是xD torch.Size([1, 24, 138, 138])
我是xT torch.Size([1, 24, 124, 124])
我是xD torch.Size([1, 24, 124, 124])
我是xT torch.Size([1, 24, 178, 178])
我是xD torch.Size([1, 24, 178, 178])
我是xT torch.Size([1, 24, 425, 425])
我是xD torch.Size([1, 24, 425, 425])
我是xT torch.Size([1, 24, 233, 233])
我是xD torch.Size([1, 24, 233, 233])
我是xT torch.Size([1, 24, 258, 258])
我是xD torch.Size([1, 24, 258, 258])
我是xT torch.Size([1, 24, 132, 132])
我是xD torch.Size([1, 24, 132, 132])
我是xT torch.Size([1, 24, 121, 121])
我是xD torch.Size([1, 24, 121, 121])
我是xT torch.Size([1, 24, 275, 275])
我是xD torch.Size([1, 24, 275, 275])
我是xT torch.Size([1, 24, 110, 110])
我是xD torch.Size([1, 24, 110, 110])
我是xT torch.Size([1, 24, 455, 455])
我是xD torch.Size([1, 24, 455, 455])
我是xT torch.Size([1, 24, 426, 426])
我是xD torch.Size([1, 24, 426, 426])
我是xT torch.Size([1, 24, 63, 63])
我是xD torch.Size([1, 24, 63, 63])
我是xT torch.Size([1, 24, 146, 146])
我是xD torch.Size([1, 24, 146, 146])
我是xT torch.Size([1, 24, 310, 310])
我是xD torch.Size([1, 24, 310, 310])
我是xT torch.Size([1, 24, 73, 73])
我是xD torch.Size([1, 24, 73, 73])
我是xT torch.Size([1, 24, 261, 261])
我是xD torch.Size([1, 24, 261, 261])
我是xT torch.Size([1, 24, 280, 280])
我是xD torch.Size([1, 24, 280, 280])
我是xT torch.Size([1, 24, 58, 58])
我是xD torch.Size([1, 24, 58, 58])
我是xT torch.Size([1, 24, 126, 126])
我是xD torch.Size([1, 24, 126, 126])
我是xT torch.Size([1, 24, 142, 142])
我是xD torch.Size([1, 24, 142, 142])
我是xT torch.Size([1, 24, 115, 115])
我是xD torch.Size([1, 24, 115, 115])
我是xT torch.Size([1, 24, 120, 120])
我是xD torch.Size([1, 24, 120, 120])
我是xT torch.Size([1, 24, 143, 143])
我是xD torch.Size([1, 24, 143, 143])
我是xT torch.Size([1, 24, 274, 274])
我是xD torch.Size([1, 24, 274, 274])
我是xT torch.Size([1, 24, 188, 188])
我是xD torch.Size([1, 24, 188, 188])
我是xT torch.Size([1, 24, 248, 248])
我是xD torch.Size([1, 24, 248, 248])
我是xT torch.Size([1, 24, 116, 116])
我是xD torch.Size([1, 24, 116, 116])
我是xT torch.Size([1, 24, 204, 204])
我是xD torch.Size([1, 24, 204, 204])
我是xT torch.Size([1, 24, 127, 127])
我是xD torch.Size([1, 24, 127, 127])
我是xT torch.Size([1, 24, 189, 189])
我是xD torch.Size([1, 24, 189, 189])
我是xT torch.Size([1, 24, 81, 81])
我是xD torch.Size([1, 24, 81, 81])
我是xT torch.Size([1, 24, 356, 356])
我是xD torch.Size([1, 24, 356, 356])
我是xT torch.Size([1, 24, 89, 89])
我是xD torch.Size([1, 24, 89, 89])
我是xT torch.Size([1, 24, 119, 119])
我是xD torch.Size([1, 24, 119, 119])
我是xT torch.Size([1, 24, 293, 293])
我是xD torch.Size([1, 24, 293, 293])
我是xT torch.Size([1, 24, 313, 313])
我是xD torch.Size([1, 24, 313, 313])
我是xT torch.Size([1, 24, 107, 107])
我是xD torch.Size([1, 24, 107, 107])
我是xT torch.Size([1, 24, 61, 61])
我是xD torch.Size([1, 24, 61, 61])
我是xT torch.Size([1, 24, 207, 207])
我是xD torch.Size([1, 24, 207, 207])
我是xT torch.Size([1, 24, 420, 420])
我是xD torch.Size([1, 24, 420, 420])
我是xT torch.Size([1, 24, 111, 111])
我是xD torch.Size([1, 24, 111, 111])
我是xT torch.Size([1, 24, 231, 231])
我是xD torch.Size([1, 24, 231, 231])
我是xT torch.Size([1, 24, 189, 189])
我是xD torch.Size([1, 24, 189, 189])
我是xT torch.Size([1, 24, 184, 184])
我是xD torch.Size([1, 24, 184, 184])
我是xT torch.Size([1, 24, 180, 180])
我是xD torch.Size([1, 24, 180, 180])
我是xT torch.Size([1, 24, 110, 110])
我是xD torch.Size([1, 24, 110, 110])
我是xT torch.Size([1, 24, 295, 295])
我是xD torch.Size([1, 24, 295, 295])
我是xT torch.Size([1, 24, 291, 291])
我是xD torch.Size([1, 24, 291, 291])
我是xT torch.Size([1, 24, 307, 307])
我是xD torch.Size([1, 24, 307, 307])
我是xT torch.Size([1, 24, 197, 197])
我是xD torch.Size([1, 24, 197, 197])
我是xT torch.Size([1, 24, 350, 350])
我是xD torch.Size([1, 24, 350, 350])
我是xT torch.Size([1, 24, 423, 423])
我是xD torch.Size([1, 24, 423, 423])
我是xT torch.Size([1, 24, 114, 114])
我是xD torch.Size([1, 24, 114, 114])
我是xT torch.Size([1, 24, 389, 389])
我是xD torch.Size([1, 24, 389, 389])
我是xT torch.Size([1, 24, 194, 194])
我是xD torch.Size([1, 24, 194, 194])
我是xT torch.Size([1, 24, 329, 329])
我是xD torch.Size([1, 24, 329, 329])
我是xT torch.Size([1, 24, 354, 354])
我是xD torch.Size([1, 24, 354, 354])
我是xT torch.Size([1, 24, 465, 465])
我是xD torch.Size([1, 24, 465, 465])
我是xT torch.Size([1, 24, 360, 360])
我是xD torch.Size([1, 24, 360, 360])
我是xT torch.Size([1, 24, 355, 355])
我是xD torch.Size([1, 24, 355, 355])
我是xT torch.Size([1, 24, 401, 401])
我是xD torch.Size([1, 24, 401, 401])
我是xT torch.Size([1, 24, 120, 120])
我是xD torch.Size([1, 24, 120, 120])
我是xT torch.Size([1, 24, 153, 153])
我是xD torch.Size([1, 24, 153, 153])
我是xT torch.Size([1, 24, 453, 453])
我是xD torch.Size([1, 24, 453, 453])
我是xT torch.Size([1, 24, 158, 158])
我是xD torch.Size([1, 24, 158, 158])
我是xT torch.Size([1, 24, 97, 97])
我是xD torch.Size([1, 24, 97, 97])
我是xT torch.Size([1, 24, 91, 91])
我是xD torch.Size([1, 24, 91, 91])
我是xT torch.Size([1, 24, 122, 122])
我是xD torch.Size([1, 24, 122, 122])
我是xT torch.Size([1, 24, 397, 397])
我是xD torch.Size([1, 24, 397, 397])
我是xT torch.Size([1, 24, 364, 364])
我是xD torch.Size([1, 24, 364, 364])
我是xT torch.Size([1, 24, 467, 467])
我是xD torch.Size([1, 24, 467, 467])
我是xT torch.Size([1, 24, 322, 322])
我是xD torch.Size([1, 24, 322, 322])
我是xT torch.Size([1, 24, 137, 137])
我是xD torch.Size([1, 24, 137, 137])
我是xT torch.Size([1, 24, 168, 168])
我是xD torch.Size([1, 24, 168, 168])
我是xT torch.Size([1, 24, 225, 225])
我是xD torch.Size([1, 24, 225, 225])
我是xT torch.Size([1, 24, 365, 365])
我是xD torch.Size([1, 24, 365, 365])
我是xT torch.Size([1, 24, 97, 97])
我是xD torch.Size([1, 24, 97, 97])
我是xT torch.Size([1, 24, 401, 401])
我是xD torch.Size([1, 24, 401, 401])
我是xT torch.Size([1, 24, 48, 48])
我是xD torch.Size([1, 24, 48, 48])
我是xT torch.Size([1, 24, 109, 109])
我是xD torch.Size([1, 24, 109, 109])
我是xT torch.Size([1, 24, 104, 104])
我是xD torch.Size([1, 24, 104, 104])
我是xT torch.Size([1, 24, 308, 308])
我是xD torch.Size([1, 24, 308, 308])
我是xT torch.Size([1, 24, 440, 440])
我是xD torch.Size([1, 24, 440, 440])
我是xT torch.Size([1, 24, 373, 373])
我是xD torch.Size([1, 24, 373, 373])
我是xT torch.Size([1, 24, 42, 42])
我是xD torch.Size([1, 24, 42, 42])
我是xT torch.Size([1, 24, 97, 97])
我是xD torch.Size([1, 24, 97, 97])
我是xT torch.Size([1, 24, 243, 243])
我是xD torch.Size([1, 24, 243, 243])
我是xT torch.Size([1, 24, 470, 470])
我是xD torch.Size([1, 24, 470, 470])
我是xT torch.Size([1, 24, 251, 251])
我是xD torch.Size([1, 24, 251, 251])
我是xT torch.Size([1, 24, 105, 105])
我是xD torch.Size([1, 24, 105, 105])
我是xT torch.Size([1, 24, 541, 541])
我是xD torch.Size([1, 24, 541, 541])
我是xT torch.Size([1, 24, 508, 508])
我是xD torch.Size([1, 24, 508, 508])
我是xT torch.Size([1, 24, 293, 293])
我是xD torch.Size([1, 24, 293, 293])
我是xT torch.Size([1, 24, 364, 364])
我是xD torch.Size([1, 24, 364, 364])
我是xT torch.Size([1, 24, 542, 542])
我是xD torch.Size([1, 24, 542, 542])
我是xT torch.Size([1, 24, 327, 327])
我是xD torch.Size([1, 24, 327, 327])
我是xT torch.Size([1, 24, 508, 508])
我是xD torch.Size([1, 24, 508, 508])
我是xT torch.Size([1, 24, 498, 498])
我是xD torch.Size([1, 24, 498, 498])
我是xT torch.Size([1, 24, 211, 211])
我是xD torch.Size([1, 24, 211, 211])
我是xT torch.Size([1, 24, 179, 179])
我是xD torch.Size([1, 24, 179, 179])
我是xT torch.Size([1, 24, 130, 130])
我是xD torch.Size([1, 24, 130, 130])
我是xT torch.Size([1, 24, 250, 250])
我是xD torch.Size([1, 24, 250, 250])
我是xT torch.Size([1, 24, 351, 351])
我是xD torch.Size([1, 24, 351, 351])
我是xT torch.Size([1, 24, 292, 292])
我是xD torch.Size([1, 24, 292, 292])
我是xT torch.Size([1, 24, 97, 97])
我是xD torch.Size([1, 24, 97, 97])
我是xT torch.Size([1, 24, 80, 80])
我是xD torch.Size([1, 24, 80, 80])
我是xT torch.Size([1, 24, 331, 331])
我是xD torch.Size([1, 24, 331, 331])
我是xT torch.Size([1, 24, 153, 153])
我是xD torch.Size([1, 24, 153, 153])
我是xT torch.Size([1, 24, 577, 577])
我是xD torch.Size([1, 24, 577, 577])
我是xT torch.Size([1, 24, 107, 107])
我是xD torch.Size([1, 24, 107, 107])
我是xT torch.Size([1, 24, 322, 322])
我是xD torch.Size([1, 24, 322, 322])
我是xT torch.Size([1, 24, 362, 362])
我是xD torch.Size([1, 24, 362, 362])
我是xT torch.Size([1, 24, 251, 251])
我是xD torch.Size([1, 24, 251, 251])
我是xT torch.Size([1, 24, 256, 256])
我是xD torch.Size([1, 24, 256, 256])
我是xT torch.Size([1, 24, 87, 87])
我是xD torch.Size([1, 24, 87, 87])
我是xT torch.Size([1, 24, 219, 219])
我是xD torch.Size([1, 24, 219, 219])
我是xT torch.Size([1, 24, 144, 144])
我是xD torch.Size([1, 24, 144, 144])
我是xT torch.Size([1, 24, 174, 174])
我是xD torch.Size([1, 24, 174, 174])
我是xT torch.Size([1, 24, 145, 145])
我是xD torch.Size([1, 24, 145, 145])
我是xT torch.Size([1, 24, 317, 317])
我是xD torch.Size([1, 24, 317, 317])
我是xT torch.Size([1, 24, 213, 213])
我是xD torch.Size([1, 24, 213, 213])
我是xT torch.Size([1, 24, 383, 383])
我是xD torch.Size([1, 24, 383, 383])
我是xT torch.Size([1, 24, 161, 161])
我是xD torch.Size([1, 24, 161, 161])
我是xT torch.Size([1, 24, 114, 114])
我是xD torch.Size([1, 24, 114, 114])
我是xT torch.Size([1, 24, 167, 167])
我是xD torch.Size([1, 24, 167, 167])
我是xT torch.Size([1, 24, 146, 146])
我是xD torch.Size([1, 24, 146, 146])
我是xT torch.Size([1, 24, 328, 328])
我是xD torch.Size([1, 24, 328, 328])
我是xT torch.Size([1, 24, 97, 97])
我是xD torch.Size([1, 24, 97, 97])
我是xT torch.Size([1, 24, 233, 233])
我是xD torch.Size([1, 24, 233, 233])
我是xT torch.Size([1, 24, 255, 255])
我是xD torch.Size([1, 24, 255, 255])
我是xT torch.Size([1, 24, 302, 302])
我是xD torch.Size([1, 24, 302, 302])
我是xT torch.Size([1, 24, 156, 156])
我是xD torch.Size([1, 24, 156, 156])
我是xT torch.Size([1, 24, 367, 367])
我是xD torch.Size([1, 24, 367, 367])
我是xT torch.Size([1, 24, 209, 209])
我是xD torch.Size([1, 24, 209, 209])
我是xT torch.Size([1, 24, 214, 214])
我是xD torch.Size([1, 24, 214, 214])
我是xT torch.Size([1, 24, 68, 68])
我是xD torch.Size([1, 24, 68, 68])
我是xT torch.Size([1, 24, 255, 255])
我是xD torch.Size([1, 24, 255, 255])
我是xT torch.Size([1, 24, 498, 498])
我是xD torch.Size([1, 24, 498, 498])
我是xT torch.Size([1, 24, 200, 200])
我是xD torch.Size([1, 24, 200, 200])
我是xT torch.Size([1, 24, 543, 543])
我是xD torch.Size([1, 24, 543, 543])
我是xT torch.Size([1, 24, 210, 210])
我是xD torch.Size([1, 24, 210, 210])
我是xT torch.Size([1, 24, 165, 165])
我是xD torch.Size([1, 24, 165, 165])
我是xT torch.Size([1, 24, 388, 388])
我是xD torch.Size([1, 24, 388, 388])
我是xT torch.Size([1, 24, 250, 250])
我是xD torch.Size([1, 24, 250, 250])
我是xT torch.Size([1, 24, 140, 140])
我是xD torch.Size([1, 24, 140, 140])
我是xT torch.Size([1, 24, 285, 285])
我是xD torch.Size([1, 24, 285, 285])
我是xT torch.Size([1, 24, 281, 281])
我是xD torch.Size([1, 24, 281, 281])
我是xT torch.Size([1, 24, 291, 291])
我是xD torch.Size([1, 24, 291, 291])
我是xT torch.Size([1, 24, 196, 196])
我是xD torch.Size([1, 24, 196, 196])
我是xT torch.Size([1, 24, 394, 394])
我是xD torch.Size([1, 24, 394, 394])
我是xT torch.Size([1, 24, 77, 77])
我是xD torch.Size([1, 24, 77, 77])
我是xT torch.Size([1, 24, 83, 83])
我是xD torch.Size([1, 24, 83, 83])
我是xT torch.Size([1, 24, 84, 84])
我是xD torch.Size([1, 24, 84, 84])
我是xT torch.Size([1, 24, 252, 252])
我是xD torch.Size([1, 24, 252, 252])
我是xT torch.Size([1, 24, 157, 157])
我是xD torch.Size([1, 24, 157, 157])
我是xT torch.Size([1, 24, 672, 672])
我是xD torch.Size([1, 24, 672, 672])
我是xT torch.Size([1, 24, 91, 91])
我是xD torch.Size([1, 24, 91, 91])
我是xT torch.Size([1, 24, 216, 216])
我是xD torch.Size([1, 24, 216, 216])
我是xT torch.Size([1, 24, 215, 215])
我是xD torch.Size([1, 24, 215, 215])
我是xT torch.Size([1, 24, 179, 179])
我是xD torch.Size([1, 24, 179, 179])
我是xT torch.Size([1, 24, 482, 482])
我是xD torch.Size([1, 24, 482, 482])
我是xT torch.Size([1, 24, 196, 196])
我是xD torch.Size([1, 24, 196, 196])
我是xT torch.Size([1, 24, 409, 409])
我是xD torch.Size([1, 24, 409, 409])
我是xT torch.Size([1, 24, 205, 205])
我是xD torch.Size([1, 24, 205, 205])
我是xT torch.Size([1, 24, 94, 94])
我是xD torch.Size([1, 24, 94, 94])
我是xT torch.Size([1, 24, 449, 449])
我是xD torch.Size([1, 24, 449, 449])
我是xT torch.Size([1, 24, 407, 407])
我是xD torch.Size([1, 24, 407, 407])
我是xT torch.Size([1, 24, 403, 403])
我是xD torch.Size([1, 24, 403, 403])
我是xT torch.Size([1, 24, 137, 137])
我是xD torch.Size([1, 24, 137, 137])
我是xT torch.Size([1, 24, 327, 327])
我是xD torch.Size([1, 24, 327, 327])
我是xT torch.Size([1, 24, 280, 280])
我是xD torch.Size([1, 24, 280, 280])
我是xT torch.Size([1, 24, 212, 212])
我是xD torch.Size([1, 24, 212, 212])
我是xT torch.Size([1, 24, 383, 383])
我是xD torch.Size([1, 24, 383, 383])
我是xT torch.Size([1, 24, 43, 43])
我是xD torch.Size([1, 24, 43, 43])
我是xT torch.Size([1, 24, 114, 114])
我是xD torch.Size([1, 24, 114, 114])
我是xT torch.Size([1, 24, 87, 87])
我是xD torch.Size([1, 24, 87, 87])
我是xT torch.Size([1, 24, 70, 70])
我是xD torch.Size([1, 24, 70, 70])
我是xT torch.Size([1, 24, 127, 127])
我是xD torch.Size([1, 24, 127, 127])
我是xT torch.Size([1, 24, 247, 247])
我是xD torch.Size([1, 24, 247, 247])
我是xT torch.Size([1, 24, 379, 379])
我是xD torch.Size([1, 24, 379, 379])
我是xT torch.Size([1, 24, 299, 299])
我是xD torch.Size([1, 24, 299, 299])
我是xT torch.Size([1, 24, 703, 703])
我是xD torch.Size([1, 24, 703, 703])
我是xT torch.Size([1, 24, 888, 888])
我是xD torch.Size([1, 24, 888, 888])
我是xT torch.Size([1, 24, 233, 233])
我是xD torch.Size([1, 24, 233, 233])
我是xT torch.Size([1, 24, 137, 137])
我是xD torch.Size([1, 24, 137, 137])
我是xT torch.Size([1, 24, 235, 235])
我是xD torch.Size([1, 24, 235, 235])
我是xT torch.Size([1, 24, 356, 356])
我是xD torch.Size([1, 24, 356, 356])
我是xT torch.Size([1, 24, 180, 180])
我是xD torch.Size([1, 24, 180, 180])
我是xT torch.Size([1, 24, 160, 160])
我是xD torch.Size([1, 24, 160, 160])
我是xT torch.Size([1, 24, 120, 120])
我是xD torch.Size([1, 24, 120, 120])
我是xT torch.Size([1, 24, 142, 142])
我是xD torch.Size([1, 24, 142, 142])
我是xT torch.Size([1, 24, 246, 246])
我是xD torch.Size([1, 24, 246, 246])
我是xT torch.Size([1, 24, 143, 143])
我是xD torch.Size([1, 24, 143, 143])
我是xT torch.Size([1, 24, 83, 83])
我是xD torch.Size([1, 24, 83, 83])
我是xT torch.Size([1, 24, 249, 249])
我是xD torch.Size([1, 24, 249, 249])
我是xT torch.Size([1, 24, 105, 105])
我是xD torch.Size([1, 24, 105, 105])
我是xT torch.Size([1, 24, 47, 47])
我是xD torch.Size([1, 24, 47, 47])
我是xT torch.Size([1, 24, 678, 678])
我是xD torch.Size([1, 24, 678, 678])
我是xT torch.Size([1, 24, 84, 84])
我是xD torch.Size([1, 24, 84, 84])
我是xT torch.Size([1, 24, 156, 156])
我是xD torch.Size([1, 24, 156, 156])
我是xT torch.Size([1, 24, 138, 138])
我是xD torch.Size([1, 24, 138, 138])
我是xT torch.Size([1, 24, 619, 619])
我是xD torch.Size([1, 24, 619, 619])
我是xT torch.Size([1, 24, 162, 162])
我是xD torch.Size([1, 24, 162, 162])
我是xT torch.Size([1, 24, 233, 233])
我是xD torch.Size([1, 24, 233, 233])
我是xT torch.Size([1, 24, 504, 504])
我是xD torch.Size([1, 24, 504, 504])
我是xT torch.Size([1, 24, 201, 201])
我是xD torch.Size([1, 24, 201, 201])
我是xT torch.Size([1, 24, 268, 268])
我是xD torch.Size([1, 24, 268, 268])
我是xT torch.Size([1, 24, 122, 122])
我是xD torch.Size([1, 24, 122, 122])
我是xT torch.Size([1, 24, 327, 327])
我是xD torch.Size([1, 24, 327, 327])
我是xT torch.Size([1, 24, 205, 205])
我是xD torch.Size([1, 24, 205, 205])
我是xT torch.Size([1, 24, 655, 655])
我是xD torch.Size([1, 24, 655, 655])
我是xT torch.Size([1, 24, 415, 415])
我是xD torch.Size([1, 24, 415, 415])
我是xT torch.Size([1, 24, 135, 135])
我是xD torch.Size([1, 24, 135, 135])
我是xT torch.Size([1, 24, 79, 79])
我是xD torch.Size([1, 24, 79, 79])
我是xT torch.Size([1, 24, 157, 157])
我是xD torch.Size([1, 24, 157, 157])
我是xT torch.Size([1, 24, 148, 148])
我是xD torch.Size([1, 24, 148, 148])
我是xT torch.Size([1, 24, 116, 116])
我是xD torch.Size([1, 24, 116, 116])
我是xT torch.Size([1, 24, 139, 139])
我是xD torch.Size([1, 24, 139, 139])
我是xT torch.Size([1, 24, 156, 156])
我是xD torch.Size([1, 24, 156, 156])
我是xT torch.Size([1, 24, 282, 282])
我是xD torch.Size([1, 24, 282, 282])
我是xT torch.Size([1, 24, 471, 471])
我是xD torch.Size([1, 24, 471, 471])
我是xT torch.Size([1, 24, 473, 473])
我是xD torch.Size([1, 24, 473, 473])
我是xT torch.Size([1, 24, 142, 142])
我是xD torch.Size([1, 24, 142, 142])
我是xT torch.Size([1, 24, 266, 266])
我是xD torch.Size([1, 24, 266, 266])
我是xT torch.Size([1, 24, 152, 152])
我是xD torch.Size([1, 24, 152, 152])
我是xT torch.Size([1, 24, 323, 323])
我是xD torch.Size([1, 24, 323, 323])
我是xT torch.Size([1, 24, 151, 151])
我是xD torch.Size([1, 24, 151, 151])
我是xT torch.Size([1, 24, 166, 166])
我是xD torch.Size([1, 24, 166, 166])
我是xT torch.Size([1, 24, 335, 335])
我是xD torch.Size([1, 24, 335, 335])
我是xT torch.Size([1, 24, 432, 432])
我是xD torch.Size([1, 24, 432, 432])
我是xT torch.Size([1, 24, 328, 328])
我是xD torch.Size([1, 24, 328, 328])
我是xT torch.Size([1, 24, 211, 211])
我是xD torch.Size([1, 24, 211, 211])
我是xT torch.Size([1, 24, 157, 157])
我是xD torch.Size([1, 24, 157, 157])
我是xT torch.Size([1, 24, 204, 204])
我是xD torch.Size([1, 24, 204, 204])
我是xT torch.Size([1, 24, 207, 207])
我是xD torch.Size([1, 24, 207, 207])
我是xT torch.Size([1, 24, 264, 264])
我是xD torch.Size([1, 24, 264, 264])
我是xT torch.Size([1, 24, 739, 739])
我是xD torch.Size([1, 24, 739, 739])
我是xT torch.Size([1, 24, 182, 182])
我是xD torch.Size([1, 24, 182, 182])
我是xT torch.Size([1, 24, 146, 146])
我是xD torch.Size([1, 24, 146, 146])
我是xT torch.Size([1, 24, 293, 293])
我是xD torch.Size([1, 24, 293, 293])
我是xT torch.Size([1, 24, 377, 377])
我是xD torch.Size([1, 24, 377, 377])
我是xT torch.Size([1, 24, 674, 674])
我是xD torch.Size([1, 24, 674, 674])
我是xT torch.Size([1, 24, 400, 400])
我是xD torch.Size([1, 24, 400, 400])
我是xT torch.Size([1, 24, 201, 201])
我是xD torch.Size([1, 24, 201, 201])
我是xT torch.Size([1, 24, 301, 301])
我是xD torch.Size([1, 24, 301, 301])
我是xT torch.Size([1, 24, 375, 375])
我是xD torch.Size([1, 24, 375, 375])
我是xT torch.Size([1, 24, 341, 341])
我是xD torch.Size([1, 24, 341, 341])
我是xT torch.Size([1, 24, 162, 162])
我是xD torch.Size([1, 24, 162, 162])
我是xT torch.Size([1, 24, 73, 73])
我是xD torch.Size([1, 24, 73, 73])
我是xT torch.Size([1, 24, 55, 55])
我是xD torch.Size([1, 24, 55, 55])
我是xT torch.Size([1, 24, 331, 331])
我是xD torch.Size([1, 24, 331, 331])
我是xT torch.Size([1, 24, 84, 84])
我是xD torch.Size([1, 24, 84, 84])
我是xT torch.Size([1, 24, 113, 113])
我是xD torch.Size([1, 24, 113, 113])
我是xT torch.Size([1, 24, 390, 390])
我是xD torch.Size([1, 24, 390, 390])
我是xT torch.Size([1, 24, 621, 621])
我是xD torch.Size([1, 24, 621, 621])
我是xT torch.Size([1, 24, 388, 388])
我是xD torch.Size([1, 24, 388, 388])
我是xT torch.Size([1, 24, 231, 231])
我是xD torch.Size([1, 24, 231, 231])
我是xT torch.Size([1, 24, 203, 203])
我是xD torch.Size([1, 24, 203, 203])
我是xT torch.Size([1, 24, 198, 198])
我是xD torch.Size([1, 24, 198, 198])
我是xT torch.Size([1, 24, 238, 238])
我是xD torch.Size([1, 24, 238, 238])
我是xT torch.Size([1, 24, 414, 414])
我是xD torch.Size([1, 24, 414, 414])
我是xT torch.Size([1, 24, 264, 264])
我是xD torch.Size([1, 24, 264, 264])
我是xT torch.Size([1, 24, 266, 266])
我是xD torch.Size([1, 24, 266, 266])
我是xT torch.Size([1, 24, 423, 423])
我是xD torch.Size([1, 24, 423, 423])
我是xT torch.Size([1, 24, 381, 381])
我是xD torch.Size([1, 24, 381, 381])
我是xT torch.Size([1, 24, 66, 66])
我是xD torch.Size([1, 24, 66, 66])
我是xT torch.Size([1, 24, 260, 260])
我是xD torch.Size([1, 24, 260, 260])
我是xT torch.Size([1, 24, 184, 184])
我是xD torch.Size([1, 24, 184, 184])
我是xT torch.Size([1, 24, 132, 132])
我是xD torch.Size([1, 24, 132, 132])
我是xT torch.Size([1, 24, 320, 320])
我是xD torch.Size([1, 24, 320, 320])
我是xT torch.Size([1, 24, 332, 332])
我是xD torch.Size([1, 24, 332, 332])
我是xT torch.Size([1, 24, 261, 261])
我是xD torch.Size([1, 24, 261, 261])
我是xT torch.Size([1, 24, 112, 112])
我是xD torch.Size([1, 24, 112, 112])
我是xT torch.Size([1, 24, 141, 141])
我是xD torch.Size([1, 24, 141, 141])
我是xT torch.Size([1, 24, 270, 270])
我是xD torch.Size([1, 24, 270, 270])
我是xT torch.Size([1, 24, 387, 387])
我是xD torch.Size([1, 24, 387, 387])
我是xT torch.Size([1, 24, 828, 828])
我是xD torch.Size([1, 24, 828, 828])
我是xT torch.Size([1, 24, 61, 61])
我是xD torch.Size([1, 24, 61, 61])
我是xT torch.Size([1, 24, 218, 218])
我是xD torch.Size([1, 24, 218, 218])
我是xT torch.Size([1, 24, 483, 483])
我是xD torch.Size([1, 24, 483, 483])
我是xT torch.Size([1, 24, 149, 149])
我是xD torch.Size([1, 24, 149, 149])
我是xT torch.Size([1, 24, 126, 126])
我是xD torch.Size([1, 24, 126, 126])
我是xT torch.Size([1, 24, 128, 128])
我是xD torch.Size([1, 24, 128, 128])
我是xT torch.Size([1, 24, 277, 277])
我是xD torch.Size([1, 24, 277, 277])
我是xT torch.Size([1, 24, 288, 288])
我是xD torch.Size([1, 24, 288, 288])
我是xT torch.Size([1, 24, 164, 164])
我是xD torch.Size([1, 24, 164, 164])
我是xT torch.Size([1, 24, 250, 250])
我是xD torch.Size([1, 24, 250, 250])
我是xT torch.Size([1, 24, 556, 556])
我是xD torch.Size([1, 24, 556, 556])
我是xT torch.Size([1, 24, 239, 239])
我是xD torch.Size([1, 24, 239, 239])
我是xT torch.Size([1, 24, 160, 160])
我是xD torch.Size([1, 24, 160, 160])
我是xT torch.Size([1, 24, 125, 125])
我是xD torch.Size([1, 24, 125, 125])
我是xT torch.Size([1, 24, 80, 80])
我是xD torch.Size([1, 24, 80, 80])
我是xT torch.Size([1, 24, 420, 420])
我是xD torch.Size([1, 24, 420, 420])
我是xT torch.Size([1, 24, 188, 188])
我是xD torch.Size([1, 24, 188, 188])
我是xT torch.Size([1, 24, 504, 504])
我是xD torch.Size([1, 24, 504, 504])
我是xT torch.Size([1, 24, 246, 246])
我是xD torch.Size([1, 24, 246, 246])
我是xT torch.Size([1, 24, 184, 184])
我是xD torch.Size([1, 24, 184, 184])
我是xT torch.Size([1, 24, 604, 604])
我是xD torch.Size([1, 24, 604, 604])
我是xT torch.Size([1, 24, 336, 336])
我是xD torch.Size([1, 24, 336, 336])
我是xT torch.Size([1, 24, 581, 581])
我是xD torch.Size([1, 24, 581, 581])
我是xT torch.Size([1, 24, 194, 194])
我是xD torch.Size([1, 24, 194, 194])
我是xT torch.Size([1, 24, 120, 120])
我是xD torch.Size([1, 24, 120, 120])
我是xT torch.Size([1, 24, 387, 387])
我是xD torch.Size([1, 24, 387, 387])
我是xT torch.Size([1, 24, 139, 139])
我是xD torch.Size([1, 24, 139, 139])
我是xT torch.Size([1, 24, 133, 133])
我是xD torch.Size([1, 24, 133, 133])
我是xT torch.Size([1, 24, 110, 110])
我是xD torch.Size([1, 24, 110, 110])
我是xT torch.Size([1, 24, 439, 439])
我是xD torch.Size([1, 24, 439, 439])
我是xT torch.Size([1, 24, 84, 84])
我是xD torch.Size([1, 24, 84, 84])
我是xT torch.Size([1, 24, 230, 230])
我是xD torch.Size([1, 24, 230, 230])
我是xT torch.Size([1, 24, 226, 226])
我是xD torch.Size([1, 24, 226, 226])
我是xT torch.Size([1, 24, 132, 132])
我是xD torch.Size([1, 24, 132, 132])
我是xT torch.Size([1, 24, 274, 274])
我是xD torch.Size([1, 24, 274, 274])
我是xT torch.Size([1, 24, 201, 201])
我是xD torch.Size([1, 24, 201, 201])
我是xT torch.Size([1, 24, 280, 280])
我是xD torch.Size([1, 24, 280, 280])
我是xT torch.Size([1, 24, 674, 674])
我是xD torch.Size([1, 24, 674, 674])
我是xT torch.Size([1, 24, 139, 139])
我是xD torch.Size([1, 24, 139, 139])
我是xT torch.Size([1, 24, 129, 129])
我是xD torch.Size([1, 24, 129, 129])
我是xT torch.Size([1, 24, 268, 268])
我是xD torch.Size([1, 24, 268, 268])
我是xT torch.Size([1, 24, 200, 200])
我是xD torch.Size([1, 24, 200, 200])
我是xT torch.Size([1, 24, 250, 250])
我是xD torch.Size([1, 24, 250, 250])
我是xT torch.Size([1, 24, 162, 162])
我是xD torch.Size([1, 24, 162, 162])
我是xT torch.Size([1, 24, 78, 78])
我是xD torch.Size([1, 24, 78, 78])
我是xT torch.Size([1, 24, 82, 82])
我是xD torch.Size([1, 24, 82, 82])
我是xT torch.Size([1, 24, 315, 315])
我是xD torch.Size([1, 24, 315, 315])
我是xT torch.Size([1, 24, 150, 150])
我是xD torch.Size([1, 24, 150, 150])
我是xT torch.Size([1, 24, 326, 326])
我是xD torch.Size([1, 24, 326, 326])
我是xT torch.Size([1, 24, 237, 237])
我是xD torch.Size([1, 24, 237, 237])
我是xT torch.Size([1, 24, 109, 109])
我是xD torch.Size([1, 24, 109, 109])
我是xT torch.Size([1, 24, 162, 162])
我是xD torch.Size([1, 24, 162, 162])
我是xT torch.Size([1, 24, 375, 375])
我是xD torch.Size([1, 24, 375, 375])
我是xT torch.Size([1, 24, 219, 219])
我是xD torch.Size([1, 24, 219, 219])
我是xT torch.Size([1, 24, 478, 478])
我是xD torch.Size([1, 24, 478, 478])
我是xT torch.Size([1, 24, 274, 274])
我是xD torch.Size([1, 24, 274, 274])
我是xT torch.Size([1, 24, 160, 160])
我是xD torch.Size([1, 24, 160, 160])
我是xT torch.Size([1, 24, 562, 562])
我是xD torch.Size([1, 24, 562, 562])
我是xT torch.Size([1, 24, 372, 372])
我是xD torch.Size([1, 24, 372, 372])
我是xT torch.Size([1, 24, 407, 407])
我是xD torch.Size([1, 24, 407, 407])
我是xT torch.Size([1, 24, 540, 540])
我是xD torch.Size([1, 24, 540, 540])
我是xT torch.Size([1, 24, 118, 118])
我是xD torch.Size([1, 24, 118, 118])
我是xT torch.Size([1, 24, 166, 166])
我是xD torch.Size([1, 24, 166, 166])
我是xT torch.Size([1, 24, 319, 319])
我是xD torch.Size([1, 24, 319, 319])
我是xT torch.Size([1, 24, 150, 150])
我是xD torch.Size([1, 24, 150, 150])
我是xT torch.Size([1, 24, 124, 124])
我是xD torch.Size([1, 24, 124, 124])
我是xT torch.Size([1, 24, 358, 358])
我是xD torch.Size([1, 24, 358, 358])
我是xT torch.Size([1, 24, 103, 103])
我是xD torch.Size([1, 24, 103, 103])
我是xT torch.Size([1, 24, 87, 87])
我是xD torch.Size([1, 24, 87, 87])
我是xT torch.Size([1, 24, 322, 322])
我是xD torch.Size([1, 24, 322, 322])
我是xT torch.Size([1, 24, 350, 350])
我是xD torch.Size([1, 24, 350, 350])
我是xT torch.Size([1, 24, 109, 109])
我是xD torch.Size([1, 24, 109, 109])
我是xT torch.Size([1, 24, 500, 500])
我是xD torch.Size([1, 24, 500, 500])
我是xT torch.Size([1, 24, 189, 189])
我是xD torch.Size([1, 24, 189, 189])
我是xT torch.Size([1, 24, 257, 257])
我是xD torch.Size([1, 24, 257, 257])
我是xT torch.Size([1, 24, 182, 182])
我是xD torch.Size([1, 24, 182, 182])
我是xT torch.Size([1, 24, 361, 361])
我是xD torch.Size([1, 24, 361, 361])
我是xT torch.Size([1, 24, 734, 734])
我是xD torch.Size([1, 24, 734, 734])
我是xT torch.Size([1, 24, 247, 247])
我是xD torch.Size([1, 24, 247, 247])
我是xT torch.Size([1, 24, 392, 392])
我是xD torch.Size([1, 24, 392, 392])
我是xT torch.Size([1, 24, 162, 162])
我是xD torch.Size([1, 24, 162, 162])
我是xT torch.Size([1, 24, 557, 557])
我是xD torch.Size([1, 24, 557, 557])
我是xT torch.Size([1, 24, 227, 227])
我是xD torch.Size([1, 24, 227, 227])
我是xT torch.Size([1, 24, 243, 243])
我是xD torch.Size([1, 24, 243, 243])
我是xT torch.Size([1, 24, 290, 290])
我是xD torch.Size([1, 24, 290, 290])
我是xT torch.Size([1, 24, 88, 88])
我是xD torch.Size([1, 24, 88, 88])
我是xT torch.Size([1, 24, 180, 180])
我是xD torch.Size([1, 24, 180, 180])
我是xT torch.Size([1, 24, 335, 335])
我是xD torch.Size([1, 24, 335, 335])
我是xT torch.Size([1, 24, 306, 306])
我是xD torch.Size([1, 24, 306, 306])
我是xT torch.Size([1, 24, 158, 158])
我是xD torch.Size([1, 24, 158, 158])
我是xT torch.Size([1, 24, 273, 273])
我是xD torch.Size([1, 24, 273, 273])
我是xT torch.Size([1, 24, 332, 332])
我是xD torch.Size([1, 24, 332, 332])
我是xT torch.Size([1, 24, 405, 405])
我是xD torch.Size([1, 24, 405, 405])
我是xT torch.Size([1, 24, 150, 150])
我是xD torch.Size([1, 24, 150, 150])
我是xT torch.Size([1, 24, 184, 184])
我是xD torch.Size([1, 24, 184, 184])
我是xT torch.Size([1, 24, 245, 245])
我是xD torch.Size([1, 24, 245, 245])
我是xT torch.Size([1, 24, 138, 138])
我是xD torch.Size([1, 24, 138, 138])
我是xT torch.Size([1, 24, 317, 317])
我是xD torch.Size([1, 24, 317, 317])
我是xT torch.Size([1, 24, 163, 163])
我是xD torch.Size([1, 24, 163, 163])
我是xT torch.Size([1, 24, 152, 152])
我是xD torch.Size([1, 24, 152, 152])
我是xT torch.Size([1, 24, 581, 581])
我是xD torch.Size([1, 24, 581, 581])
我是xT torch.Size([1, 24, 107, 107])
我是xD torch.Size([1, 24, 107, 107])
我是xT torch.Size([1, 24, 46, 46])
我是xD torch.Size([1, 24, 46, 46])
我是xT torch.Size([1, 24, 626, 626])
我是xD torch.Size([1, 24, 626, 626])
我是xT torch.Size([1, 24, 259, 259])
我是xD torch.Size([1, 24, 259, 259])
我是xT torch.Size([1, 24, 105, 105])
我是xD torch.Size([1, 24, 105, 105])
我是xT torch.Size([1, 24, 271, 271])
我是xD torch.Size([1, 24, 271, 271])
我是xT torch.Size([1, 24, 223, 223])
我是xD torch.Size([1, 24, 223, 223])
我是xT torch.Size([1, 24, 186, 186])
我是xD torch.Size([1, 24, 186, 186])
我是xT torch.Size([1, 24, 224, 224])
我是xD torch.Size([1, 24, 224, 224])
我是xT torch.Size([1, 24, 185, 185])
我是xD torch.Size([1, 24, 185, 185])
我是xT torch.Size([1, 24, 329, 329])
我是xD torch.Size([1, 24, 329, 329])
我是xT torch.Size([1, 24, 205, 205])
我是xD torch.Size([1, 24, 205, 205])
我是xT torch.Size([1, 24, 265, 265])
我是xD torch.Size([1, 24, 265, 265])
我是xT torch.Size([1, 24, 68, 68])
我是xD torch.Size([1, 24, 68, 68])
我是xT torch.Size([1, 24, 263, 263])
我是xD torch.Size([1, 24, 263, 263])
我是xT torch.Size([1, 24, 164, 164])
我是xD torch.Size([1, 24, 164, 164])
我是xT torch.Size([1, 24, 247, 247])
我是xD torch.Size([1, 24, 247, 247])
我是xT torch.Size([1, 24, 110, 110])
我是xD torch.Size([1, 24, 110, 110])
我是xT torch.Size([1, 24, 97, 97])
我是xD torch.Size([1, 24, 97, 97])
我是xT torch.Size([1, 24, 439, 439])
我是xD torch.Size([1, 24, 439, 439])
我是xT torch.Size([1, 24, 245, 245])
我是xD torch.Size([1, 24, 245, 245])
我是xT torch.Size([1, 24, 306, 306])
我是xD torch.Size([1, 24, 306, 306])
我是xT torch.Size([1, 24, 130, 130])
我是xD torch.Size([1, 24, 130, 130])
我是xT torch.Size([1, 24, 398, 398])
我是xD torch.Size([1, 24, 398, 398])
我是xT torch.Size([1, 24, 364, 364])
我是xD torch.Size([1, 24, 364, 364])
我是xT torch.Size([1, 24, 122, 122])
我是xD torch.Size([1, 24, 122, 122])
我是xT torch.Size([1, 24, 84, 84])
我是xD torch.Size([1, 24, 84, 84])
我是xT torch.Size([1, 24, 50, 50])
我是xD torch.Size([1, 24, 50, 50])
我是xT torch.Size([1, 24, 80, 80])
我是xD torch.Size([1, 24, 80, 80])
我是xT torch.Size([1, 24, 334, 334])
我是xD torch.Size([1, 24, 334, 334])
我是xT torch.Size([1, 24, 547, 547])
我是xD torch.Size([1, 24, 547, 547])
我是xT torch.Size([1, 24, 298, 298])
我是xD torch.Size([1, 24, 298, 298])
我是xT torch.Size([1, 24, 257, 257])
我是xD torch.Size([1, 24, 257, 257])
我是xT torch.Size([1, 24, 269, 269])
我是xD torch.Size([1, 24, 269, 269])
我是xT torch.Size([1, 24, 149, 149])
我是xD torch.Size([1, 24, 149, 149])
我是xT torch.Size([1, 24, 196, 196])
我是xD torch.Size([1, 24, 196, 196])
我是xT torch.Size([1, 24, 131, 131])
我是xD torch.Size([1, 24, 131, 131])
我是xT torch.Size([1, 24, 272, 272])
我是xD torch.Size([1, 24, 272, 272])
我是xT torch.Size([1, 24, 138, 138])
我是xD torch.Size([1, 24, 138, 138])
我是xT torch.Size([1, 24, 233, 233])
我是xD torch.Size([1, 24, 233, 233])
我是xT torch.Size([1, 24, 146, 146])
我是xD torch.Size([1, 24, 146, 146])
我是xT torch.Size([1, 24, 316, 316])
我是xD torch.Size([1, 24, 316, 316])
我是xT torch.Size([1, 24, 94, 94])
我是xD torch.Size([1, 24, 94, 94])
我是xT torch.Size([1, 24, 157, 157])
我是xD torch.Size([1, 24, 157, 157])
我是xT torch.Size([1, 24, 424, 424])
我是xD torch.Size([1, 24, 424, 424])
我是xT torch.Size([1, 24, 292, 292])
我是xD torch.Size([1, 24, 292, 292])
我是xT torch.Size([1, 24, 124, 124])
我是xD torch.Size([1, 24, 124, 124])
我是xT torch.Size([1, 24, 411, 411])
我是xD torch.Size([1, 24, 411, 411])
我是xT torch.Size([1, 24, 185, 185])
我是xD torch.Size([1, 24, 185, 185])
我是xT torch.Size([1, 24, 93, 93])
我是xD torch.Size([1, 24, 93, 93])
我是xT torch.Size([1, 24, 378, 378])
我是xD torch.Size([1, 24, 378, 378])
我是xT torch.Size([1, 24, 210, 210])
我是xD torch.Size([1, 24, 210, 210])
我是xT torch.Size([1, 24, 105, 105])
我是xD torch.Size([1, 24, 105, 105])
我是xT torch.Size([1, 24, 91, 91])
我是xD torch.Size([1, 24, 91, 91])
我是xT torch.Size([1, 24, 145, 145])
我是xD torch.Size([1, 24, 145, 145])
我是xT torch.Size([1, 24, 137, 137])
我是xD torch.Size([1, 24, 137, 137])
我是xT torch.Size([1, 24, 211, 211])
我是xD torch.Size([1, 24, 211, 211])
我是xT torch.Size([1, 24, 126, 126])
我是xD torch.Size([1, 24, 126, 126])
我是xT torch.Size([1, 24, 105, 105])
我是xD torch.Size([1, 24, 105, 105])
我是xT torch.Size([1, 24, 623, 623])
我是xD torch.Size([1, 24, 623, 623])
我是xT torch.Size([1, 24, 186, 186])
我是xD torch.Size([1, 24, 186, 186])
我是xT torch.Size([1, 24, 146, 146])
我是xD torch.Size([1, 24, 146, 146])
我是xT torch.Size([1, 24, 165, 165])
我是xD torch.Size([1, 24, 165, 165])
我是xT torch.Size([1, 24, 642, 642])
我是xD torch.Size([1, 24, 642, 642])
我是xT torch.Size([1, 24, 406, 406])
我是xD torch.Size([1, 24, 406, 406])
我是xT torch.Size([1, 24, 821, 821])
我是xD torch.Size([1, 24, 821, 821])
我是xT torch.Size([1, 24, 95, 95])
我是xD torch.Size([1, 24, 95, 95])
我是xT torch.Size([1, 24, 81, 81])
我是xD torch.Size([1, 24, 81, 81])
我是xT torch.Size([1, 24, 85, 85])
我是xD torch.Size([1, 24, 85, 85])
我是xT torch.Size([1, 24, 138, 138])
我是xD torch.Size([1, 24, 138, 138])
我是xT torch.Size([1, 24, 389, 389])
我是xD torch.Size([1, 24, 389, 389])
我是xT torch.Size([1, 24, 46, 46])
我是xD torch.Size([1, 24, 46, 46])
我是xT torch.Size([1, 24, 124, 124])
我是xD torch.Size([1, 24, 124, 124])
我是xT torch.Size([1, 24, 167, 167])
我是xD torch.Size([1, 24, 167, 167])
我是xT torch.Size([1, 24, 64, 64])
我是xD torch.Size([1, 24, 64, 64])
我是xT torch.Size([1, 24, 83, 83])
我是xD torch.Size([1, 24, 83, 83])
我是xT torch.Size([1, 24, 151, 151])
我是xD torch.Size([1, 24, 151, 151])
我是xT torch.Size([1, 24, 82, 82])
我是xD torch.Size([1, 24, 82, 82])
我是xT torch.Size([1, 24, 138, 138])
我是xD torch.Size([1, 24, 138, 138])
我是xT torch.Size([1, 24, 124, 124])
我是xD torch.Size([1, 24, 124, 124])
我是xT torch.Size([1, 24, 67, 67])
我是xD torch.Size([1, 24, 67, 67])
我是xT torch.Size([1, 24, 209, 209])
我是xD torch.Size([1, 24, 209, 209])
我是xT torch.Size([1, 24, 247, 247])
我是xD torch.Size([1, 24, 247, 247])
我是xT torch.Size([1, 24, 862, 862])
我是xD torch.Size([1, 24, 862, 862])
我是xT torch.Size([1, 24, 244, 244])
我是xD torch.Size([1, 24, 244, 244])
我是xT torch.Size([1, 24, 85, 85])
我是xD torch.Size([1, 24, 85, 85])
我是xT torch.Size([1, 24, 246, 246])
我是xD torch.Size([1, 24, 246, 246])
我是xT torch.Size([1, 24, 328, 328])
我是xD torch.Size([1, 24, 328, 328])
我是xT torch.Size([1, 24, 387, 387])
我是xD torch.Size([1, 24, 387, 387])
我是xT torch.Size([1, 24, 182, 182])
我是xD torch.Size([1, 24, 182, 182])
我是xT torch.Size([1, 24, 742, 742])
我是xD torch.Size([1, 24, 742, 742])
我是xT torch.Size([1, 24, 133, 133])
我是xD torch.Size([1, 24, 133, 133])
我是xT torch.Size([1, 24, 527, 527])
我是xD torch.Size([1, 24, 527, 527])
我是xT torch.Size([1, 24, 225, 225])
我是xD torch.Size([1, 24, 225, 225])
我是xT torch.Size([1, 24, 398, 398])
我是xD torch.Size([1, 24, 398, 398])
我是xT torch.Size([1, 24, 239, 239])
我是xD torch.Size([1, 24, 239, 239])
我是xT torch.Size([1, 24, 314, 314])
我是xD torch.Size([1, 24, 314, 314])
我是xT torch.Size([1, 24, 262, 262])
我是xD torch.Size([1, 24, 262, 262])
我是xT torch.Size([1, 24, 93, 93])
我是xD torch.Size([1, 24, 93, 93])
我是xT torch.Size([1, 24, 306, 306])
我是xD torch.Size([1, 24, 306, 306])
我是xT torch.Size([1, 24, 237, 237])
我是xD torch.Size([1, 24, 237, 237])
我是xT torch.Size([1, 24, 338, 338])
我是xD torch.Size([1, 24, 338, 338])
我是xT torch.Size([1, 24, 254, 254])
我是xD torch.Size([1, 24, 254, 254])
我是xT torch.Size([1, 24, 81, 81])
我是xD torch.Size([1, 24, 81, 81])
我是xT torch.Size([1, 24, 200, 200])
我是xD torch.Size([1, 24, 200, 200])
我是xT torch.Size([1, 24, 191, 191])
我是xD torch.Size([1, 24, 191, 191])
我是xT torch.Size([1, 24, 74, 74])
我是xD torch.Size([1, 24, 74, 74])
我是xT torch.Size([1, 24, 122, 122])
我是xD torch.Size([1, 24, 122, 122])
我是xT torch.Size([1, 24, 163, 163])
我是xD torch.Size([1, 24, 163, 163])
我是xT torch.Size([1, 24, 337, 337])
我是xD torch.Size([1, 24, 337, 337])
我是xT torch.Size([1, 24, 108, 108])
我是xD torch.Size([1, 24, 108, 108])
我是xT torch.Size([1, 24, 399, 399])
我是xD torch.Size([1, 24, 399, 399])
我是xT torch.Size([1, 24, 358, 358])
我是xD torch.Size([1, 24, 358, 358])
我是xT torch.Size([1, 24, 136, 136])
我是xD torch.Size([1, 24, 136, 136])
我是xT torch.Size([1, 24, 272, 272])
我是xD torch.Size([1, 24, 272, 272])
我是xT torch.Size([1, 24, 71, 71])
我是xD torch.Size([1, 24, 71, 71])
我是xT torch.Size([1, 24, 161, 161])
我是xD torch.Size([1, 24, 161, 161])
我是xT torch.Size([1, 24, 332, 332])
我是xD torch.Size([1, 24, 332, 332])
我是xT torch.Size([1, 24, 290, 290])
我是xD torch.Size([1, 24, 290, 290])
我是xT torch.Size([1, 24, 154, 154])
我是xD torch.Size([1, 24, 154, 154])
我是xT torch.Size([1, 24, 244, 244])
我是xD torch.Size([1, 24, 244, 244])
我是xT torch.Size([1, 24, 105, 105])
我是xD torch.Size([1, 24, 105, 105])
我是xT torch.Size([1, 24, 56, 56])
我是xD torch.Size([1, 24, 56, 56])
我是xT torch.Size([1, 24, 206, 206])
我是xD torch.Size([1, 24, 206, 206])
我是xT torch.Size([1, 24, 318, 318])
我是xD torch.Size([1, 24, 318, 318])
我是xT torch.Size([1, 24, 61, 61])
我是xD torch.Size([1, 24, 61, 61])
我是xT torch.Size([1, 24, 66, 66])
我是xD torch.Size([1, 24, 66, 66])
我是xT torch.Size([1, 24, 153, 153])
我是xD torch.Size([1, 24, 153, 153])
我是xT torch.Size([1, 24, 90, 90])
我是xD torch.Size([1, 24, 90, 90])
我是xT torch.Size([1, 24, 193, 193])
我是xD torch.Size([1, 24, 193, 193])
我是xT torch.Size([1, 24, 254, 254])
我是xD torch.Size([1, 24, 254, 254])
我是xT torch.Size([1, 24, 149, 149])
我是xD torch.Size([1, 24, 149, 149])
我是xT torch.Size([1, 24, 163, 163])
我是xD torch.Size([1, 24, 163, 163])
我是xT torch.Size([1, 24, 64, 64])
我是xD torch.Size([1, 24, 64, 64])
我是xT torch.Size([1, 24, 245, 245])
我是xD torch.Size([1, 24, 245, 245])
我是xT torch.Size([1, 24, 347, 347])
我是xD torch.Size([1, 24, 347, 347])
我是xT torch.Size([1, 24, 400, 400])
我是xD torch.Size([1, 24, 400, 400])
我是xT torch.Size([1, 24, 60, 60])
我是xD torch.Size([1, 24, 60, 60])
我是xT torch.Size([1, 24, 172, 172])
我是xD torch.Size([1, 24, 172, 172])
我是xT torch.Size([1, 24, 431, 431])
我是xD torch.Size([1, 24, 431, 431])
我是xT torch.Size([1, 24, 246, 246])
我是xD torch.Size([1, 24, 246, 246])
我是xT torch.Size([1, 24, 224, 224])
我是xD torch.Size([1, 24, 224, 224])
我是xT torch.Size([1, 24, 185, 185])
我是xD torch.Size([1, 24, 185, 185])
我是xT torch.Size([1, 24, 303, 303])
我是xD torch.Size([1, 24, 303, 303])
我是xT torch.Size([1, 24, 328, 328])
我是xD torch.Size([1, 24, 328, 328])
我是xT torch.Size([1, 24, 105, 105])
我是xD torch.Size([1, 24, 105, 105])
我是xT torch.Size([1, 24, 335, 335])
我是xD torch.Size([1, 24, 335, 335])
我是xT torch.Size([1, 24, 331, 331])
我是xD torch.Size([1, 24, 331, 331])
我是xT torch.Size([1, 24, 134, 134])
我是xD torch.Size([1, 24, 134, 134])
我是xT torch.Size([1, 24, 50, 50])
我是xD torch.Size([1, 24, 50, 50])
我是xT torch.Size([1, 24, 127, 127])
我是xD torch.Size([1, 24, 127, 127])
我是xT torch.Size([1, 24, 299, 299])
我是xD torch.Size([1, 24, 299, 299])
我是xT torch.Size([1, 24, 182, 182])
我是xD torch.Size([1, 24, 182, 182])
我是xT torch.Size([1, 24, 69, 69])
我是xD torch.Size([1, 24, 69, 69])
我是xT torch.Size([1, 24, 101, 101])
我是xD torch.Size([1, 24, 101, 101])
我是xT torch.Size([1, 24, 248, 248])
我是xD torch.Size([1, 24, 248, 248])
我是xT torch.Size([1, 24, 145, 145])
我是xD torch.Size([1, 24, 145, 145])
我是xT torch.Size([1, 24, 474, 474])
我是xD torch.Size([1, 24, 474, 474])
我是xT torch.Size([1, 24, 222, 222])
我是xD torch.Size([1, 24, 222, 222])
我是xT torch.Size([1, 24, 306, 306])
我是xD torch.Size([1, 24, 306, 306])
我是xT torch.Size([1, 24, 95, 95])
我是xD torch.Size([1, 24, 95, 95])
我是xT torch.Size([1, 24, 108, 108])
我是xD torch.Size([1, 24, 108, 108])
我是xT torch.Size([1, 24, 56, 56])
我是xD torch.Size([1, 24, 56, 56])
我是xT torch.Size([1, 24, 150, 150])
我是xD torch.Size([1, 24, 150, 150])
我是xT torch.Size([1, 24, 309, 309])
我是xD torch.Size([1, 24, 309, 309])
我是xT torch.Size([1, 24, 135, 135])
我是xD torch.Size([1, 24, 135, 135])
我是xT torch.Size([1, 24, 177, 177])
我是xD torch.Size([1, 24, 177, 177])
我是xT torch.Size([1, 24, 151, 151])
我是xD torch.Size([1, 24, 151, 151])
我是xT torch.Size([1, 24, 287, 287])
我是xD torch.Size([1, 24, 287, 287])
我是xT torch.Size([1, 24, 401, 401])
我是xD torch.Size([1, 24, 401, 401])
我是xT torch.Size([1, 24, 270, 270])
我是xD torch.Size([1, 24, 270, 270])
我是xT torch.Size([1, 24, 367, 367])
我是xD torch.Size([1, 24, 367, 367])
我是xT torch.Size([1, 24, 306, 306])
我是xD torch.Size([1, 24, 306, 306])
我是xT torch.Size([1, 24, 566, 566])
我是xD torch.Size([1, 24, 566, 566])
我是xT torch.Size([1, 24, 89, 89])
我是xD torch.Size([1, 24, 89, 89])
我是xT torch.Size([1, 24, 249, 249])
我是xD torch.Size([1, 24, 249, 249])
我是xT torch.Size([1, 24, 79, 79])
我是xD torch.Size([1, 24, 79, 79])
我是xT torch.Size([1, 24, 191, 191])
我是xD torch.Size([1, 24, 191, 191])
我是xT torch.Size([1, 24, 159, 159])
我是xD torch.Size([1, 24, 159, 159])
我是xT torch.Size([1, 24, 261, 261])
我是xD torch.Size([1, 24, 261, 261])
我是xT torch.Size([1, 24, 92, 92])
我是xD torch.Size([1, 24, 92, 92])
我是xT torch.Size([1, 24, 432, 432])
我是xD torch.Size([1, 24, 432, 432])
我是xT torch.Size([1, 24, 283, 283])
我是xD torch.Size([1, 24, 283, 283])
我是xT torch.Size([1, 24, 434, 434])
我是xD torch.Size([1, 24, 434, 434])
我是xT torch.Size([1, 24, 134, 134])
我是xD torch.Size([1, 24, 134, 134])
我是xT torch.Size([1, 24, 213, 213])
我是xD torch.Size([1, 24, 213, 213])
我是xT torch.Size([1, 24, 226, 226])
我是xD torch.Size([1, 24, 226, 226])
我是xT torch.Size([1, 24, 333, 333])
我是xD torch.Size([1, 24, 333, 333])
我是xT torch.Size([1, 24, 700, 700])
我是xD torch.Size([1, 24, 700, 700])
我是xT torch.Size([1, 24, 464, 464])
我是xD torch.Size([1, 24, 464, 464])
我是xT torch.Size([1, 24, 495, 495])
我是xD torch.Size([1, 24, 495, 495])
我是xT torch.Size([1, 24, 121, 121])
我是xD torch.Size([1, 24, 121, 121])
我是xT torch.Size([1, 24, 244, 244])
我是xD torch.Size([1, 24, 244, 244])
我是xT torch.Size([1, 24, 71, 71])
我是xD torch.Size([1, 24, 71, 71])
我是xT torch.Size([1, 24, 168, 168])
我是xD torch.Size([1, 24, 168, 168])
我是xT torch.Size([1, 24, 134, 134])
我是xD torch.Size([1, 24, 134, 134])
我是xT torch.Size([1, 24, 405, 405])
我是xD torch.Size([1, 24, 405, 405])
我是xT torch.Size([1, 24, 96, 96])
我是xD torch.Size([1, 24, 96, 96])
我是xT torch.Size([1, 24, 367, 367])
我是xD torch.Size([1, 24, 367, 367])
我是xT torch.Size([1, 24, 296, 296])
我是xD torch.Size([1, 24, 296, 296])
我是xT torch.Size([1, 24, 153, 153])
我是xD torch.Size([1, 24, 153, 153])
我是xT torch.Size([1, 24, 178, 178])
我是xD torch.Size([1, 24, 178, 178])
我是xT torch.Size([1, 24, 337, 337])
我是xD torch.Size([1, 24, 337, 337])
我是xT torch.Size([1, 24, 162, 162])
我是xD torch.Size([1, 24, 162, 162])
我是xT torch.Size([1, 24, 206, 206])
我是xD torch.Size([1, 24, 206, 206])
我是xT torch.Size([1, 24, 182, 182])
我是xD torch.Size([1, 24, 182, 182])
我是xT torch.Size([1, 24, 717, 717])
我是xD torch.Size([1, 24, 717, 717])
我是xT torch.Size([1, 24, 291, 291])
我是xD torch.Size([1, 24, 291, 291])
我是xT torch.Size([1, 24, 165, 165])
我是xD torch.Size([1, 24, 165, 165])
我是xT torch.Size([1, 24, 325, 325])
我是xD torch.Size([1, 24, 325, 325])
我是xT torch.Size([1, 24, 353, 353])
我是xD torch.Size([1, 24, 353, 353])
我是xT torch.Size([1, 24, 72, 72])
我是xD torch.Size([1, 24, 72, 72])
我是xT torch.Size([1, 24, 354, 354])
我是xD torch.Size([1, 24, 354, 354])
我是xT torch.Size([1, 24, 318, 318])
我是xD torch.Size([1, 24, 318, 318])
我是xT torch.Size([1, 24, 182, 182])
我是xD torch.Size([1, 24, 182, 182])
我是xT torch.Size([1, 24, 187, 187])
我是xD torch.Size([1, 24, 187, 187])
我是xT torch.Size([1, 24, 84, 84])
我是xD torch.Size([1, 24, 84, 84])
我是xT torch.Size([1, 24, 252, 252])
我是xD torch.Size([1, 24, 252, 252])
我是xT torch.Size([1, 24, 226, 226])
我是xD torch.Size([1, 24, 226, 226])
我是xT torch.Size([1, 24, 275, 275])
我是xD torch.Size([1, 24, 275, 275])
我是xT torch.Size([1, 24, 173, 173])
我是xD torch.Size([1, 24, 173, 173])
我是xT torch.Size([1, 24, 287, 287])
我是xD torch.Size([1, 24, 287, 287])
我是xT torch.Size([1, 24, 161, 161])
我是xD torch.Size([1, 24, 161, 161])
我是xT torch.Size([1, 24, 475, 475])
我是xD torch.Size([1, 24, 475, 475])
我是xT torch.Size([1, 24, 316, 316])
我是xD torch.Size([1, 24, 316, 316])
我是xT torch.Size([1, 24, 126, 126])
我是xD torch.Size([1, 24, 126, 126])
我是xT torch.Size([1, 24, 206, 206])
我是xD torch.Size([1, 24, 206, 206])
我是xT torch.Size([1, 24, 287, 287])
我是xD torch.Size([1, 24, 287, 287])
我是xT torch.Size([1, 24, 575, 575])
我是xD torch.Size([1, 24, 575, 575])
我是xT torch.Size([1, 24, 176, 176])
我是xD torch.Size([1, 24, 176, 176])
我是xT torch.Size([1, 24, 145, 145])
我是xD torch.Size([1, 24, 145, 145])
我是xT torch.Size([1, 24, 329, 329])
我是xD torch.Size([1, 24, 329, 329])
我是xT torch.Size([1, 24, 311, 311])
我是xD torch.Size([1, 24, 311, 311])
我是xT torch.Size([1, 24, 309, 309])
我是xD torch.Size([1, 24, 309, 309])
我是xT torch.Size([1, 24, 205, 205])
我是xD torch.Size([1, 24, 205, 205])
我是xT torch.Size([1, 24, 79, 79])
我是xD torch.Size([1, 24, 79, 79])
我是xT torch.Size([1, 24, 96, 96])
我是xD torch.Size([1, 24, 96, 96])
我是xT torch.Size([1, 24, 168, 168])
我是xD torch.Size([1, 24, 168, 168])
我是xT torch.Size([1, 24, 246, 246])
我是xD torch.Size([1, 24, 246, 246])
我是xT torch.Size([1, 24, 91, 91])
我是xD torch.Size([1, 24, 91, 91])
我是xT torch.Size([1, 24, 161, 161])
我是xD torch.Size([1, 24, 161, 161])
我是xT torch.Size([1, 24, 97, 97])
我是xD torch.Size([1, 24, 97, 97])
我是xT torch.Size([1, 24, 258, 258])
我是xD torch.Size([1, 24, 258, 258])
我是xT torch.Size([1, 24, 238, 238])
我是xD torch.Size([1, 24, 238, 238])
我是xT torch.Size([1, 24, 81, 81])
我是xD torch.Size([1, 24, 81, 81])
我是xT torch.Size([1, 24, 289, 289])
我是xD torch.Size([1, 24, 289, 289])
我是xT torch.Size([1, 24, 103, 103])
我是xD torch.Size([1, 24, 103, 103])
我是xT torch.Size([1, 24, 76, 76])
我是xD torch.Size([1, 24, 76, 76])
我是xT torch.Size([1, 24, 482, 482])
我是xD torch.Size([1, 24, 482, 482])
我是xT torch.Size([1, 24, 430, 430])
我是xD torch.Size([1, 24, 430, 430])
我是xT torch.Size([1, 24, 219, 219])
我是xD torch.Size([1, 24, 219, 219])
我是xT torch.Size([1, 24, 376, 376])
我是xD torch.Size([1, 24, 376, 376])
我是xT torch.Size([1, 24, 306, 306])
我是xD torch.Size([1, 24, 306, 306])
我是xT torch.Size([1, 24, 146, 146])
我是xD torch.Size([1, 24, 146, 146])
我是xT torch.Size([1, 24, 223, 223])
我是xD torch.Size([1, 24, 223, 223])
我是xT torch.Size([1, 24, 358, 358])
我是xD torch.Size([1, 24, 358, 358])
我是xT torch.Size([1, 24, 248, 248])
我是xD torch.Size([1, 24, 248, 248])
我是xT torch.Size([1, 24, 78, 78])
我是xD torch.Size([1, 24, 78, 78])
我是xT torch.Size([1, 24, 145, 145])
我是xD torch.Size([1, 24, 145, 145])
我是xT torch.Size([1, 24, 77, 77])
我是xD torch.Size([1, 24, 77, 77])
我是xT torch.Size([1, 24, 106, 106])
我是xD torch.Size([1, 24, 106, 106])
我是xT torch.Size([1, 24, 239, 239])
我是xD torch.Size([1, 24, 239, 239])
我是xT torch.Size([1, 24, 152, 152])
我是xD torch.Size([1, 24, 152, 152])
我是xT torch.Size([1, 24, 182, 182])
我是xD torch.Size([1, 24, 182, 182])
我是xT torch.Size([1, 24, 139, 139])
我是xD torch.Size([1, 24, 139, 139])
我是xT torch.Size([1, 24, 215, 215])
我是xD torch.Size([1, 24, 215, 215])
我是xT torch.Size([1, 24, 79, 79])
我是xD torch.Size([1, 24, 79, 79])
我是xT torch.Size([1, 24, 383, 383])
我是xD torch.Size([1, 24, 383, 383])
我是xT torch.Size([1, 24, 191, 191])
我是xD torch.Size([1, 24, 191, 191])
我是xT torch.Size([1, 24, 289, 289])
我是xD torch.Size([1, 24, 289, 289])
我是xT torch.Size([1, 24, 515, 515])
我是xD torch.Size([1, 24, 515, 515])
我是xT torch.Size([1, 24, 202, 202])
我是xD torch.Size([1, 24, 202, 202])
我是xT torch.Size([1, 24, 372, 372])
我是xD torch.Size([1, 24, 372, 372])
我是xT torch.Size([1, 24, 513, 513])
我是xD torch.Size([1, 24, 513, 513])
我是xT torch.Size([1, 24, 142, 142])
我是xD torch.Size([1, 24, 142, 142])
我是xT torch.Size([1, 24, 780, 780])
我是xD torch.Size([1, 24, 780, 780])
我是xT torch.Size([1, 24, 59, 59])
我是xD torch.Size([1, 24, 59, 59])
我是xT torch.Size([1, 24, 49, 49])
我是xD torch.Size([1, 24, 49, 49])
我是xT torch.Size([1, 24, 109, 109])
我是xD torch.Size([1, 24, 109, 109])
我是xT torch.Size([1, 24, 176, 176])
我是xD torch.Size([1, 24, 176, 176])
我是xT torch.Size([1, 24, 336, 336])
我是xD torch.Size([1, 24, 336, 336])
我是xT torch.Size([1, 24, 170, 170])
我是xD torch.Size([1, 24, 170, 170])
我是xT torch.Size([1, 24, 453, 453])
我是xD torch.Size([1, 24, 453, 453])
我是xT torch.Size([1, 24, 333, 333])
我是xD torch.Size([1, 24, 333, 333])
我是xT torch.Size([1, 24, 262, 262])
我是xD torch.Size([1, 24, 262, 262])
我是xT torch.Size([1, 24, 316, 316])
我是xD torch.Size([1, 24, 316, 316])
我是xT torch.Size([1, 24, 448, 448])
我是xD torch.Size([1, 24, 448, 448])
我是xT torch.Size([1, 24, 68, 68])
我是xD torch.Size([1, 24, 68, 68])
我是xT torch.Size([1, 24, 255, 255])
我是xD torch.Size([1, 24, 255, 255])
我是xT torch.Size([1, 24, 219, 219])
我是xD torch.Size([1, 24, 219, 219])
我是xT torch.Size([1, 24, 271, 271])
我是xD torch.Size([1, 24, 271, 271])
我是xT torch.Size([1, 24, 189, 189])
我是xD torch.Size([1, 24, 189, 189])
我是xT torch.Size([1, 24, 48, 48])
我是xD torch.Size([1, 24, 48, 48])
我是xT torch.Size([1, 24, 256, 256])
我是xD torch.Size([1, 24, 256, 256])
我是xT torch.Size([1, 24, 410, 410])
我是xD torch.Size([1, 24, 410, 410])
我是xT torch.Size([1, 24, 281, 281])
我是xD torch.Size([1, 24, 281, 281])
我是xT torch.Size([1, 24, 47, 47])
我是xD torch.Size([1, 24, 47, 47])
我是xT torch.Size([1, 24, 113, 113])
我是xD torch.Size([1, 24, 113, 113])
我是xT torch.Size([1, 24, 148, 148])
我是xD torch.Size([1, 24, 148, 148])
我是xT torch.Size([1, 24, 356, 356])
我是xD torch.Size([1, 24, 356, 356])
我是xT torch.Size([1, 24, 297, 297])
我是xD torch.Size([1, 24, 297, 297])
我是xT torch.Size([1, 24, 722, 722])
我是xD torch.Size([1, 24, 722, 722])
我是xT torch.Size([1, 24, 184, 184])
我是xD torch.Size([1, 24, 184, 184])
我是xT torch.Size([1, 24, 91, 91])
我是xD torch.Size([1, 24, 91, 91])
我是xT torch.Size([1, 24, 317, 317])
我是xD torch.Size([1, 24, 317, 317])
我是xT torch.Size([1, 24, 129, 129])
我是xD torch.Size([1, 24, 129, 129])
我是xT torch.Size([1, 24, 422, 422])
我是xD torch.Size([1, 24, 422, 422])
我是xT torch.Size([1, 24, 72, 72])
我是xD torch.Size([1, 24, 72, 72])
我是xT torch.Size([1, 24, 211, 211])
我是xD torch.Size([1, 24, 211, 211])
我是xT torch.Size([1, 24, 165, 165])
我是xD torch.Size([1, 24, 165, 165])
我是xT torch.Size([1, 24, 248, 248])
我是xD torch.Size([1, 24, 248, 248])
我是xT torch.Size([1, 24, 131, 131])
我是xD torch.Size([1, 24, 131, 131])
我是xT torch.Size([1, 24, 519, 519])
我是xD torch.Size([1, 24, 519, 519])
我是xT torch.Size([1, 24, 252, 252])
我是xD torch.Size([1, 24, 252, 252])
我是xT torch.Size([1, 24, 133, 133])
我是xD torch.Size([1, 24, 133, 133])
我是xT torch.Size([1, 24, 147, 147])
我是xD torch.Size([1, 24, 147, 147])
我是xT torch.Size([1, 24, 153, 153])
我是xD torch.Size([1, 24, 153, 153])
我是xT torch.Size([1, 24, 138, 138])
我是xD torch.Size([1, 24, 138, 138])
我是xT torch.Size([1, 24, 300, 300])
我是xD torch.Size([1, 24, 300, 300])
我是xT torch.Size([1, 24, 145, 145])
我是xD torch.Size([1, 24, 145, 145])
我是xT torch.Size([1, 24, 329, 329])
我是xD torch.Size([1, 24, 329, 329])
我是xT torch.Size([1, 24, 251, 251])
我是xD torch.Size([1, 24, 251, 251])
我是xT torch.Size([1, 24, 284, 284])
我是xD torch.Size([1, 24, 284, 284])
我是xT torch.Size([1, 24, 347, 347])
我是xD torch.Size([1, 24, 347, 347])
我是xT torch.Size([1, 24, 268, 268])
我是xD torch.Size([1, 24, 268, 268])
我是xT torch.Size([1, 24, 366, 366])
我是xD torch.Size([1, 24, 366, 366])
我是xT torch.Size([1, 24, 548, 548])
我是xD torch.Size([1, 24, 548, 548])
我是xT torch.Size([1, 24, 108, 108])
我是xD torch.Size([1, 24, 108, 108])
我是xT torch.Size([1, 24, 277, 277])
我是xD torch.Size([1, 24, 277, 277])
我是xT torch.Size([1, 24, 161, 161])
我是xD torch.Size([1, 24, 161, 161])
我是xT torch.Size([1, 24, 75, 75])
我是xD torch.Size([1, 24, 75, 75])
slurmstepd: error: *** JOB 11111 ON g0022 CANCELLED AT 2025-03-11T10:50:29 ***
